[ 2017-06-06T21:54:02+08:00 ] ::1 ::1 GET /qiye/public/index.php
[ log ] localhost/qiye/public/index.php [运行时间：0.939054s][吞吐率：1.06req/s] [内存消耗：2,854.92kb] [文件加载：62]
[ info ] [ LANG ] D:\phpStudy\WWW\qiye\thinkphp\lang\zh-cn.php
[ info ] [ ROUTE ] array (
  'type' => 'module',
  'module' => 
  array (
    0 => '',
    1 => NULL,
    2 => NULL,
  ),
)
[ info ] [ HEADER ] array (
  'accept-language' => 'zh-CN,zh;q=0.8',
  'accept-encoding' => 'gzip, deflate, sdch',
  'user-agent' => 'Mozilla/5.0 (Windows NT 6.1; WOW64) AppleWebKit/537.36 (KHTML, like Gecko) Chrome/45.0.2454.101 Safari/537.36',
  'upgrade-insecure-requests' => '1',
  'accept' => 'text/html,application/xhtml+xml,application/xml;q=0.9,image/webp,*/*;q=0.8',
  'connection' => 'close',
  'host' => 'localhost',
)
[ info ] [ PARAM ] array (
)
[ info ] [ DB ] INIT mysql
[ info ] [ DB ] INIT mysql
[ info ] [ DB ] INIT mysql
[ info ] [ DB ] INIT mysql
[ info ] [ DB ] INIT mysql
[ info ] [ DB ] INIT mysql
[ info ] [ DB ] INIT mysql
[ info ] [ RUN ] app\index\controller\Index->index[ D:\phpStudy\WWW\qiye\application\index\controller\Index.php ]
[ info ] [ DB ] INIT mysql
[ info ] [ DB ] INIT mysql
[ info ] [ DB ] INIT mysql
[ info ] [ VIEW ] D:\phpStudy\WWW\qiye\public/../application/index\view\index\index.html [ array (
  0 => 'confs',
  1 => 'cateres',
  2 => 'recBottom',
  3 => 'getIndexRecommend',
  4 => 'recommend',
  5 => 'indexHotArticles',
  6 => 'getNewArticles',
  7 => 'link',
) ]
[ info ] [ LOG ] INIT File
[ sql ] [ DB ] CONNECT:[ UseTime:0.003000s ] mysql:dbname=tp5;host=127.0.0.1;charset=utf8
[ sql ] [ SQL ] SHOW COLUMNS FROM `tp_conf` [ RunTime:0.044002s ]
[ sql ] [ SQL ] SELECT `ename`,`value` FROM `tp_conf`  [ RunTime:0.001000s ]
[ sql ] [ DB ] CONNECT:[ UseTime:0.001000s ] mysql:dbname=tp5;host=127.0.0.1;charset=utf8
[ sql ] [ SQL ] SHOW COLUMNS FROM `tp_cate` [ RunTime:0.057003s ]
[ sql ] [ SQL ] SELECT * FROM `tp_cate` WHERE  `pid` = 0 ORDER BY sort desc   [ RunTime:0.001001s ]
[ sql ] [ DB ] CONNECT:[ UseTime:0.014000s ] mysql:dbname=tp5;host=127.0.0.1;charset=utf8
[ sql ] [ SQL ] SELECT * FROM `tp_cate` WHERE  `pid` = 6   [ RunTime:0.001000s ]
[ sql ] [ DB ] CONNECT:[ UseTime:0.001000s ] mysql:dbname=tp5;host=127.0.0.1;charset=utf8
[ sql ] [ SQL ] SELECT * FROM `tp_cate` WHERE  `pid` = 3   [ RunTime:0.001000s ]
[ sql ] [ DB ] CONNECT:[ UseTime:0.011000s ] mysql:dbname=tp5;host=127.0.0.1;charset=utf8
[ sql ] [ SQL ] SELECT * FROM `tp_cate` WHERE  `pid` = 9   [ RunTime:0.000000s ]
[ sql ] [ DB ] CONNECT:[ UseTime:0.011001s ] mysql:dbname=tp5;host=127.0.0.1;charset=utf8
[ sql ] [ SQL ] SELECT * FROM `tp_cate` WHERE  `pid` = 2   [ RunTime:0.001000s ]
[ sql ] [ DB ] CONNECT:[ UseTime:0.011001s ] mysql:dbname=tp5;host=127.0.0.1;charset=utf8
[ sql ] [ SQL ] SELECT * FROM `tp_cate` WHERE  `pid` = 1   [ RunTime:0.001000s ]
[ sql ] [ SQL ] SELECT * FROM `tp_cate` WHERE  `rec_bottom` = 1 ORDER BY id desc   [ RunTime:0.000000s ]
[ sql ] [ DB ] CONNECT:[ UseTime:0.001000s ] mysql:dbname=tp5;host=127.0.0.1;charset=utf8
[ sql ] [ SQL ] SHOW COLUMNS FROM `tp_article` [ RunTime:0.044003s ]
[ sql ] [ SQL ] SELECT `a`.`id`,`a`.`title`,`a`.`thumb`,`a`.`desc`,`a`.`time`,`a`.`zan`,`a`.`click`,`b`.`catename` FROM `tp_article` `a` INNER JOIN `tp_cate` `b` ON `a`.`cateid`=`b`.`id` ORDER BY a.id desc LIMIT 10   [ RunTime:0.034002s ]
[ sql ] [ DB ] CONNECT:[ UseTime:0.001000s ] mysql:dbname=tp5;host=127.0.0.1;charset=utf8
[ sql ] [ SQL ] SHOW COLUMNS FROM `tp_link` [ RunTime:0.044002s ]
[ sql ] [ SQL ] SELECT * FROM `tp_link` ORDER BY sort desc  [ RunTime:0.000000s ]
[ sql ] [ DB ] CONNECT:[ UseTime:0.001000s ] mysql:dbname=tp5;host=127.0.0.1;charset=utf8
[ sql ] [ SQL ] SELECT `id`,`title`,`thumb` FROM `tp_article` ORDER BY click desc LIMIT 5   [ RunTime:0.000000s ]
[ sql ] [ SQL ] SELECT `id`,`title`,`thumb` FROM `tp_article` WHERE  `recommend` = 1 ORDER BY id desc LIMIT 4    [ RunTime:0.001000s ]
[ sql ] [ SQL ] SELECT * FROM `tp_cate` WHERE  `rec_index` = 1 ORDER BY id desc   [ RunTime:0.000000s ]

---------------------------------------------------------------
[ 2017-06-06T21:54:02+08:00 ] ::1 ::1 GET /qiye/public/static/index/style/jquery.error.js
[ log ] localhost/qiye/public/static/index/style/jquery.error.js [运行时间：0.117007s][吞吐率：8.55req/s] [内存消耗：1,258.69kb] [文件加载：40]
[ info ] [ LANG ] D:\phpStudy\WWW\qiye\thinkphp\lang\zh-cn.php
[ info ] [ ROUTE ] array (
  'type' => 'module',
  'module' => 
  array (
    0 => 'static',
    1 => 'index',
    2 => 'style',
  ),
)
[ info ] [ HEADER ] array (
  'accept-language' => 'zh-CN,zh;q=0.8',
  'accept-encoding' => 'gzip, deflate, sdch',
  'referer' => 'http://localhost/qiye/public/index.php',
  'user-agent' => 'Mozilla/5.0 (Windows NT 6.1; WOW64) AppleWebKit/537.36 (KHTML, like Gecko) Chrome/45.0.2454.101 Safari/537.36',
  'accept' => '*/*',
  'connection' => 'close',
  'host' => 'localhost',
)
[ info ] [ PARAM ] array (
)
[ info ] [ LOG ] INIT File

---------------------------------------------------------------
[ 2017-06-06T21:54:03+08:00 ] ::1 ::1 GET /qiye/public/static/index/style/jquery.form.js
[ log ] localhost/qiye/public/static/index/style/jquery.form.js [运行时间：0.026001s][吞吐率：38.46req/s] [内存消耗：1,258.68kb] [文件加载：40]
[ info ] [ LANG ] D:\phpStudy\WWW\qiye\thinkphp\lang\zh-cn.php
[ info ] [ ROUTE ] array (
  'type' => 'module',
  'module' => 
  array (
    0 => 'static',
    1 => 'index',
    2 => 'style',
  ),
)
[ info ] [ HEADER ] array (
  'accept-language' => 'zh-CN,zh;q=0.8',
  'accept-encoding' => 'gzip, deflate, sdch',
  'referer' => 'http://localhost/qiye/public/index.php',
  'user-agent' => 'Mozilla/5.0 (Windows NT 6.1; WOW64) AppleWebKit/537.36 (KHTML, like Gecko) Chrome/45.0.2454.101 Safari/537.36',
  'accept' => '*/*',
  'connection' => 'close',
  'host' => 'localhost',
)
[ info ] [ PARAM ] array (
)
[ info ] [ LOG ] INIT File

---------------------------------------------------------------
[ 2017-06-06T21:54:03+08:00 ] ::1 ::1 GET /qiye/public/static/index/images/loading.gif
[ log ] localhost/qiye/public/static/index/images/loading.gif [运行时间：0.049003s][吞吐率：20.41req/s] [内存消耗：1,258.68kb] [文件加载：40]
[ info ] [ LANG ] D:\phpStudy\WWW\qiye\thinkphp\lang\zh-cn.php
[ info ] [ ROUTE ] array (
  'type' => 'module',
  'module' => 
  array (
    0 => 'static',
    1 => 'index',
    2 => 'images',
  ),
)
[ info ] [ HEADER ] array (
  'accept-language' => 'zh-CN,zh;q=0.8',
  'accept-encoding' => 'gzip, deflate, sdch',
  'referer' => 'http://localhost/qiye/public/static/index/style/style.css',
  'user-agent' => 'Mozilla/5.0 (Windows NT 6.1; WOW64) AppleWebKit/537.36 (KHTML, like Gecko) Chrome/45.0.2454.101 Safari/537.36',
  'accept' => 'image/webp,image/*,*/*;q=0.8',
  'connection' => 'close',
  'host' => 'localhost',
)
[ info ] [ PARAM ] array (
)
[ info ] [ LOG ] INIT File

---------------------------------------------------------------
[ 2017-06-06T21:54:03+08:00 ] ::1 ::1 GET /qiye/public/static/index/images/scroll.png
[ log ] localhost/qiye/public/static/index/images/scroll.png [运行时间：0.038002s][吞吐率：26.31req/s] [内存消耗：1,258.68kb] [文件加载：40]
[ info ] [ LANG ] D:\phpStudy\WWW\qiye\thinkphp\lang\zh-cn.php
[ info ] [ ROUTE ] array (
  'type' => 'module',
  'module' => 
  array (
    0 => 'static',
    1 => 'index',
    2 => 'images',
  ),
)
[ info ] [ HEADER ] array (
  'accept-language' => 'zh-CN,zh;q=0.8',
  'accept-encoding' => 'gzip, deflate, sdch',
  'referer' => 'http://localhost/qiye/public/static/index/style/style.css',
  'user-agent' => 'Mozilla/5.0 (Windows NT 6.1; WOW64) AppleWebKit/537.36 (KHTML, like Gecko) Chrome/45.0.2454.101 Safari/537.36',
  'accept' => 'image/webp,image/*,*/*;q=0.8',
  'connection' => 'close',
  'host' => 'localhost',
)
[ info ] [ PARAM ] array (
)
[ info ] [ LOG ] INIT File

---------------------------------------------------------------
[ 2017-06-06T21:54:04+08:00 ] ::1 ::1 GET /qiye/public/static/index/images/focus-bg2.png
[ log ] localhost/qiye/public/static/index/images/focus-bg2.png [运行时间：0.037002s][吞吐率：27.03req/s] [内存消耗：1,258.73kb] [文件加载：40]
[ info ] [ LANG ] D:\phpStudy\WWW\qiye\thinkphp\lang\zh-cn.php
[ info ] [ ROUTE ] array (
  'type' => 'module',
  'module' => 
  array (
    0 => 'static',
    1 => 'index',
    2 => 'images',
  ),
)
[ info ] [ HEADER ] array (
  'accept-language' => 'zh-CN,zh;q=0.8',
  'accept-encoding' => 'gzip, deflate, sdch',
  'referer' => 'http://localhost/qiye/public/static/index/style/style.css',
  'user-agent' => 'Mozilla/5.0 (Windows NT 6.1; WOW64) AppleWebKit/537.36 (KHTML, like Gecko) Chrome/45.0.2454.101 Safari/537.36',
  'accept' => 'image/webp,image/*,*/*;q=0.8',
  'connection' => 'close',
  'host' => 'localhost',
)
[ info ] [ PARAM ] array (
)
[ info ] [ LOG ] INIT File

---------------------------------------------------------------
[ 2017-06-06T21:54:04+08:00 ] ::1 ::1 GET /qiye/public/static/index/images/sitemap-dot.gif
[ log ] localhost/qiye/public/static/index/images/sitemap-dot.gif [运行时间：0.032002s][吞吐率：31.25req/s] [内存消耗：1,258.62kb] [文件加载：40]
[ info ] [ LANG ] D:\phpStudy\WWW\qiye\thinkphp\lang\zh-cn.php
[ info ] [ ROUTE ] array (
  'type' => 'module',
  'module' => 
  array (
    0 => 'static',
    1 => 'index',
    2 => 'images',
  ),
)
[ info ] [ HEADER ] array (
  'accept-language' => 'zh-CN,zh;q=0.8',
  'accept-encoding' => 'gzip, deflate, sdch',
  'referer' => 'http://localhost/qiye/public/static/index/style/style.css',
  'user-agent' => 'Mozilla/5.0 (Windows NT 6.1; WOW64) AppleWebKit/537.36 (KHTML, like Gecko) Chrome/45.0.2454.101 Safari/537.36',
  'accept' => 'image/webp,image/*,*/*;q=0.8',
  'connection' => 'close',
  'host' => 'localhost',
)
[ info ] [ PARAM ] array (
)
[ info ] [ LOG ] INIT File

---------------------------------------------------------------
[ 2017-06-06T21:54:05+08:00 ] ::1 ::1 GET /qiye/public/static/index/images/xh_area_title_h3.png
[ log ] localhost/qiye/public/static/index/images/xh_area_title_h3.png [运行时间：0.063004s][吞吐率：15.87req/s] [内存消耗：1,258.67kb] [文件加载：40]
[ info ] [ LANG ] D:\phpStudy\WWW\qiye\thinkphp\lang\zh-cn.php
[ info ] [ ROUTE ] array (
  'type' => 'module',
  'module' => 
  array (
    0 => 'static',
    1 => 'index',
    2 => 'images',
  ),
)
[ info ] [ HEADER ] array (
  'accept-language' => 'zh-CN,zh;q=0.8',
  'accept-encoding' => 'gzip, deflate, sdch',
  'referer' => 'http://localhost/qiye/public/static/index/style/style.css',
  'user-agent' => 'Mozilla/5.0 (Windows NT 6.1; WOW64) AppleWebKit/537.36 (KHTML, like Gecko) Chrome/45.0.2454.101 Safari/537.36',
  'accept' => 'image/webp,image/*,*/*;q=0.8',
  'connection' => 'close',
  'host' => 'localhost',
)
[ info ] [ PARAM ] array (
)
[ info ] [ LOG ] INIT File

---------------------------------------------------------------
