[ 2017-10-17T19:44:22+08:00 ] ::1 ::1 GET /qiye/public/
[ log ] localhost/qiye/public/ [运行时间：1.016058s][吞吐率：0.98req/s] [内存消耗：2,701.43kb] [文件加载：60]
[ info ] [ LANG ] D:\phpStudy\WWW\qiye\thinkphp\lang\zh-cn.php
[ info ] [ ROUTE ] array (
  'type' => 'module',
  'module' => 
  array (
    0 => '',
    1 => NULL,
    2 => NULL,
  ),
)
[ info ] [ HEADER ] array (
  'cookie' => 'remember_admin_59ba36addc2b2f9401580f014c7f58ea4e30989d=eyJpdiI6InZ2cW56Q1VjNE41VERWQUVnSWdRZmc9PSIsInZhbHVlIjoiOTdkZjFndDBBa0xQR0h1VDV6a0diVUV3U2ZPdnl5eFNYdkorZkRGMmxQZGNtcEM0bkNqS1UrZ0MwNjZXNGdaT2k4MWMyZmZaR2VxbzhOY1B6czFMVThOZnVUQ0JqQnFaOWJTalNYelQ0N29kK0hCQTFXcHhoVklXcXE0TU5QcWVhaVlSRFwvM3BBUDBkV1JQWWluaXMwOWt5VTg5NE0xWHVoOVlhdlg5V1pNS21XcTNvQmRnXC9YOHJ0MTZ3OGoranIiLCJtYWMiOiI0ZmEwNGY2NGY1ODZhY2I1NTE0NDhiNmZkMjdkMzQ5YTI0ZDViN2I3OGEyMTU2NDk3ZjFhZDlhNDY1ODkyZWU4In0%3D; XSRF-TOKEN=eyJpdiI6InA1ZWRBOHd3Qm1BY2tRVDZRSWVDb0E9PSIsInZhbHVlIjoiMG1FSTRJR0szSVRyelpmdXU2RmFyTFQ3XC9mbzhhbmJOTFgxdTNWRlRXZ3lKNFg4Y1JLc2phK0pIcWl3MUdFZTlJZEk4RTJraFN0VTFhRzl5NmxUZlhBPT0iLCJtYWMiOiI5ZTgwNGEyZTU5NTI1MTJmZGNhYzA5YTllMTgzNjYwZmJlZWZlYTExMjNhMTRlYzFmYmE1MWI1ZGQ4NzFlYzM1In0%3D; laravel_session=eyJpdiI6IjQwUGc1WnpcL0tsNzZRS09mM1MrbkRnPT0iLCJ2YWx1ZSI6IndOMGV2Zm9kM21RUldhVmRUVks4VWhxZ3RFcHByK2RpTE1FeitnYlZwYXVTUllLdnNjb0dnazVaVVpFemhvQlIyUE4wT2hURzNSNHVwZUk5YXlFNkp3PT0iLCJtYWMiOiI5ZGEyNjgxNTZjYzBmMGQzMzAwZTliNmNkYzVlZmNkODk1YjAwMGViNzEzZjllZTAzMTczZTdjNjc4ZWRhMDEyIn0%3D; Hm_lvt_080836300300be57b7f34f4b3e97d911=1508240566; Hm_lpvt_080836300300be57b7f34f4b3e97d911=1508240566; PHPSESSID=fehi0btcal07fgihiacnl826f5; bdshare_firstime=1508240634762; UM_distinctid=15f2a25b39972-0883cb3f62534d-6b1b1279-100200-15f2a25b39a2c9; CNZZDATA1260722023=1658456057-1508240635-null%7C1508240635',
  'accept-language' => 'zh-CN,zh;q=0.8',
  'accept-encoding' => 'gzip, deflate, sdch, br',
  'referer' => 'http://localhost/qiye/',
  'accept' => 'text/html,application/xhtml+xml,application/xml;q=0.9,image/webp,*/*;q=0.8',
  'user-agent' => 'Mozilla/5.0 (Windows NT 6.1; WOW64) AppleWebKit/537.36 (KHTML, like Gecko) Chrome/55.0.2883.87 Safari/537.36',
  'upgrade-insecure-requests' => '1',
  'connection' => 'close',
  'host' => 'localhost',
)
[ info ] [ PARAM ] array (
)
[ info ] [ DB ] INIT mysql
[ info ] [ DB ] INIT mysql
[ info ] [ DB ] INIT mysql
[ info ] [ DB ] INIT mysql
[ info ] [ DB ] INIT mysql
[ info ] [ DB ] INIT mysql
[ info ] [ DB ] INIT mysql
[ info ] [ RUN ] app\index\controller\Index->index[ D:\phpStudy\WWW\qiye\application\index\controller\Index.php ]
[ info ] [ DB ] INIT mysql
[ info ] [ DB ] INIT mysql
[ info ] [ DB ] INIT mysql
[ info ] [ VIEW ] D:\phpStudy\WWW\qiye\public/../application/index\view\index\index.html [ array (
  0 => 'confs',
  1 => 'cateres',
  2 => 'recBottom',
  3 => 'getIndexRecommend',
  4 => 'recommend',
  5 => 'indexHotArticles',
  6 => 'getNewArticles',
  7 => 'link',
) ]
[ info ] [ LOG ] INIT File
[ sql ] [ DB ] CONNECT:[ UseTime:0.003000s ] mysql:dbname=tp5;host=127.0.0.1;charset=utf8
[ sql ] [ SQL ] SHOW COLUMNS FROM `tp_conf` [ RunTime:0.066004s ]
[ sql ] [ SQL ] SELECT `ename`,`value` FROM `tp_conf`  [ RunTime:0.001000s ]
[ sql ] [ DB ] CONNECT:[ UseTime:0.010000s ] mysql:dbname=tp5;host=127.0.0.1;charset=utf8
[ sql ] [ SQL ] SHOW COLUMNS FROM `tp_cate` [ RunTime:0.061004s ]
[ sql ] [ SQL ] SELECT * FROM `tp_cate` WHERE  `pid` = 0 ORDER BY sort desc   [ RunTime:0.003000s ]
[ sql ] [ DB ] CONNECT:[ UseTime:0.003000s ] mysql:dbname=tp5;host=127.0.0.1;charset=utf8
[ sql ] [ SQL ] SELECT * FROM `tp_cate` WHERE  `pid` = 6   [ RunTime:0.002000s ]
[ sql ] [ DB ] CONNECT:[ UseTime:0.003001s ] mysql:dbname=tp5;host=127.0.0.1;charset=utf8
[ sql ] [ SQL ] SELECT * FROM `tp_cate` WHERE  `pid` = 3   [ RunTime:0.002000s ]
[ sql ] [ DB ] CONNECT:[ UseTime:0.003000s ] mysql:dbname=tp5;host=127.0.0.1;charset=utf8
[ sql ] [ SQL ] SELECT * FROM `tp_cate` WHERE  `pid` = 9   [ RunTime:0.001000s ]
[ sql ] [ DB ] CONNECT:[ UseTime:0.011001s ] mysql:dbname=tp5;host=127.0.0.1;charset=utf8
[ sql ] [ SQL ] SELECT * FROM `tp_cate` WHERE  `pid` = 2   [ RunTime:0.002000s ]
[ sql ] [ DB ] CONNECT:[ UseTime:0.002000s ] mysql:dbname=tp5;host=127.0.0.1;charset=utf8
[ sql ] [ SQL ] SELECT * FROM `tp_cate` WHERE  `pid` = 1   [ RunTime:0.002000s ]
[ sql ] [ SQL ] SELECT * FROM `tp_cate` WHERE  `rec_bottom` = 1 ORDER BY id desc   [ RunTime:0.001000s ]
[ sql ] [ DB ] CONNECT:[ UseTime:0.002000s ] mysql:dbname=tp5;host=127.0.0.1;charset=utf8
[ sql ] [ SQL ] SHOW COLUMNS FROM `tp_article` [ RunTime:0.060004s ]
[ sql ] [ SQL ] SELECT `a`.`id`,`a`.`title`,`a`.`thumb`,`a`.`desc`,`a`.`time`,`a`.`zan`,`a`.`click`,`b`.`catename` FROM `tp_article` `a` INNER JOIN `tp_cate` `b` ON `a`.`cateid`=`b`.`id` ORDER BY a.id desc LIMIT 10   [ RunTime:0.031001s ]
[ sql ] [ DB ] CONNECT:[ UseTime:0.011001s ] mysql:dbname=tp5;host=127.0.0.1;charset=utf8
[ sql ] [ SQL ] SHOW COLUMNS FROM `tp_link` [ RunTime:0.038002s ]
[ sql ] [ SQL ] SELECT * FROM `tp_link` ORDER BY sort desc  [ RunTime:0.001000s ]
[ sql ] [ DB ] CONNECT:[ UseTime:0.003001s ] mysql:dbname=tp5;host=127.0.0.1;charset=utf8
[ sql ] [ SQL ] SELECT `id`,`title`,`thumb` FROM `tp_article` ORDER BY click desc LIMIT 5   [ RunTime:0.002000s ]
[ sql ] [ SQL ] SELECT `id`,`title`,`thumb` FROM `tp_article` WHERE  `recommend` = 1 ORDER BY id desc LIMIT 4    [ RunTime:0.001000s ]
[ sql ] [ SQL ] SELECT * FROM `tp_cate` WHERE  `rec_index` = 1 ORDER BY id desc   [ RunTime:0.001000s ]

---------------------------------------------------------------
[ 2017-10-17T19:44:23+08:00 ] ::1 ::1 GET /qiye/public/static/index/style/jquery.form.js
[ log ] localhost/qiye/public/static/index/style/jquery.form.js [运行时间：0.148009s][吞吐率：6.76req/s] [内存消耗：1,118.38kb] [文件加载：40]
[ info ] [ LANG ] D:\phpStudy\WWW\qiye\thinkphp\lang\zh-cn.php
[ info ] [ ROUTE ] array (
  'type' => 'module',
  'module' => 
  array (
    0 => 'static',
    1 => 'index',
    2 => 'style',
  ),
)
[ info ] [ HEADER ] array (
  'cookie' => 'remember_admin_59ba36addc2b2f9401580f014c7f58ea4e30989d=eyJpdiI6InZ2cW56Q1VjNE41VERWQUVnSWdRZmc9PSIsInZhbHVlIjoiOTdkZjFndDBBa0xQR0h1VDV6a0diVUV3U2ZPdnl5eFNYdkorZkRGMmxQZGNtcEM0bkNqS1UrZ0MwNjZXNGdaT2k4MWMyZmZaR2VxbzhOY1B6czFMVThOZnVUQ0JqQnFaOWJTalNYelQ0N29kK0hCQTFXcHhoVklXcXE0TU5QcWVhaVlSRFwvM3BBUDBkV1JQWWluaXMwOWt5VTg5NE0xWHVoOVlhdlg5V1pNS21XcTNvQmRnXC9YOHJ0MTZ3OGoranIiLCJtYWMiOiI0ZmEwNGY2NGY1ODZhY2I1NTE0NDhiNmZkMjdkMzQ5YTI0ZDViN2I3OGEyMTU2NDk3ZjFhZDlhNDY1ODkyZWU4In0%3D; XSRF-TOKEN=eyJpdiI6InA1ZWRBOHd3Qm1BY2tRVDZRSWVDb0E9PSIsInZhbHVlIjoiMG1FSTRJR0szSVRyelpmdXU2RmFyTFQ3XC9mbzhhbmJOTFgxdTNWRlRXZ3lKNFg4Y1JLc2phK0pIcWl3MUdFZTlJZEk4RTJraFN0VTFhRzl5NmxUZlhBPT0iLCJtYWMiOiI5ZTgwNGEyZTU5NTI1MTJmZGNhYzA5YTllMTgzNjYwZmJlZWZlYTExMjNhMTRlYzFmYmE1MWI1ZGQ4NzFlYzM1In0%3D; laravel_session=eyJpdiI6IjQwUGc1WnpcL0tsNzZRS09mM1MrbkRnPT0iLCJ2YWx1ZSI6IndOMGV2Zm9kM21RUldhVmRUVks4VWhxZ3RFcHByK2RpTE1FeitnYlZwYXVTUllLdnNjb0dnazVaVVpFemhvQlIyUE4wT2hURzNSNHVwZUk5YXlFNkp3PT0iLCJtYWMiOiI5ZGEyNjgxNTZjYzBmMGQzMzAwZTliNmNkYzVlZmNkODk1YjAwMGViNzEzZjllZTAzMTczZTdjNjc4ZWRhMDEyIn0%3D; Hm_lvt_080836300300be57b7f34f4b3e97d911=1508240566; Hm_lpvt_080836300300be57b7f34f4b3e97d911=1508240566; PHPSESSID=fehi0btcal07fgihiacnl826f5; bdshare_firstime=1508240634762; UM_distinctid=15f2a25b39972-0883cb3f62534d-6b1b1279-100200-15f2a25b39a2c9; CNZZDATA1260722023=1658456057-1508240635-null%7C1508240635',
  'accept-language' => 'zh-CN,zh;q=0.8',
  'accept-encoding' => 'gzip, deflate, sdch, br',
  'referer' => 'http://localhost/qiye/public/',
  'accept' => '*/*',
  'user-agent' => 'Mozilla/5.0 (Windows NT 6.1; WOW64) AppleWebKit/537.36 (KHTML, like Gecko) Chrome/55.0.2883.87 Safari/537.36',
  'connection' => 'close',
  'host' => 'localhost',
)
[ info ] [ PARAM ] array (
)
[ info ] [ LOG ] INIT File

---------------------------------------------------------------
[ 2017-10-17T19:44:23+08:00 ] ::1 ::1 GET /qiye/public/static/index/style/jquery.error.js
[ log ] localhost/qiye/public/static/index/style/jquery.error.js [运行时间：0.045002s][吞吐率：22.22req/s] [内存消耗：1,118.38kb] [文件加载：40]
[ info ] [ LANG ] D:\phpStudy\WWW\qiye\thinkphp\lang\zh-cn.php
[ info ] [ ROUTE ] array (
  'type' => 'module',
  'module' => 
  array (
    0 => 'static',
    1 => 'index',
    2 => 'style',
  ),
)
[ info ] [ HEADER ] array (
  'cookie' => 'remember_admin_59ba36addc2b2f9401580f014c7f58ea4e30989d=eyJpdiI6InZ2cW56Q1VjNE41VERWQUVnSWdRZmc9PSIsInZhbHVlIjoiOTdkZjFndDBBa0xQR0h1VDV6a0diVUV3U2ZPdnl5eFNYdkorZkRGMmxQZGNtcEM0bkNqS1UrZ0MwNjZXNGdaT2k4MWMyZmZaR2VxbzhOY1B6czFMVThOZnVUQ0JqQnFaOWJTalNYelQ0N29kK0hCQTFXcHhoVklXcXE0TU5QcWVhaVlSRFwvM3BBUDBkV1JQWWluaXMwOWt5VTg5NE0xWHVoOVlhdlg5V1pNS21XcTNvQmRnXC9YOHJ0MTZ3OGoranIiLCJtYWMiOiI0ZmEwNGY2NGY1ODZhY2I1NTE0NDhiNmZkMjdkMzQ5YTI0ZDViN2I3OGEyMTU2NDk3ZjFhZDlhNDY1ODkyZWU4In0%3D; XSRF-TOKEN=eyJpdiI6InA1ZWRBOHd3Qm1BY2tRVDZRSWVDb0E9PSIsInZhbHVlIjoiMG1FSTRJR0szSVRyelpmdXU2RmFyTFQ3XC9mbzhhbmJOTFgxdTNWRlRXZ3lKNFg4Y1JLc2phK0pIcWl3MUdFZTlJZEk4RTJraFN0VTFhRzl5NmxUZlhBPT0iLCJtYWMiOiI5ZTgwNGEyZTU5NTI1MTJmZGNhYzA5YTllMTgzNjYwZmJlZWZlYTExMjNhMTRlYzFmYmE1MWI1ZGQ4NzFlYzM1In0%3D; laravel_session=eyJpdiI6IjQwUGc1WnpcL0tsNzZRS09mM1MrbkRnPT0iLCJ2YWx1ZSI6IndOMGV2Zm9kM21RUldhVmRUVks4VWhxZ3RFcHByK2RpTE1FeitnYlZwYXVTUllLdnNjb0dnazVaVVpFemhvQlIyUE4wT2hURzNSNHVwZUk5YXlFNkp3PT0iLCJtYWMiOiI5ZGEyNjgxNTZjYzBmMGQzMzAwZTliNmNkYzVlZmNkODk1YjAwMGViNzEzZjllZTAzMTczZTdjNjc4ZWRhMDEyIn0%3D; Hm_lvt_080836300300be57b7f34f4b3e97d911=1508240566; Hm_lpvt_080836300300be57b7f34f4b3e97d911=1508240566; PHPSESSID=fehi0btcal07fgihiacnl826f5; bdshare_firstime=1508240634762; UM_distinctid=15f2a25b39972-0883cb3f62534d-6b1b1279-100200-15f2a25b39a2c9; CNZZDATA1260722023=1658456057-1508240635-null%7C1508240635',
  'accept-language' => 'zh-CN,zh;q=0.8',
  'accept-encoding' => 'gzip, deflate, sdch, br',
  'referer' => 'http://localhost/qiye/public/',
  'accept' => '*/*',
  'user-agent' => 'Mozilla/5.0 (Windows NT 6.1; WOW64) AppleWebKit/537.36 (KHTML, like Gecko) Chrome/55.0.2883.87 Safari/537.36',
  'connection' => 'close',
  'host' => 'localhost',
)
[ info ] [ PARAM ] array (
)
[ info ] [ LOG ] INIT File

---------------------------------------------------------------
[ 2017-10-17T19:44:24+08:00 ] ::1 ::1 GET /qiye/public/static/index/style/jquery.form.js
[ log ] localhost/qiye/public/static/index/style/jquery.form.js [运行时间：0.020001s][吞吐率：50.00req/s] [内存消耗：1,118.38kb] [文件加载：40]
[ info ] [ LANG ] D:\phpStudy\WWW\qiye\thinkphp\lang\zh-cn.php
[ info ] [ ROUTE ] array (
  'type' => 'module',
  'module' => 
  array (
    0 => 'static',
    1 => 'index',
    2 => 'style',
  ),
)
[ info ] [ HEADER ] array (
  'cookie' => 'remember_admin_59ba36addc2b2f9401580f014c7f58ea4e30989d=eyJpdiI6InZ2cW56Q1VjNE41VERWQUVnSWdRZmc9PSIsInZhbHVlIjoiOTdkZjFndDBBa0xQR0h1VDV6a0diVUV3U2ZPdnl5eFNYdkorZkRGMmxQZGNtcEM0bkNqS1UrZ0MwNjZXNGdaT2k4MWMyZmZaR2VxbzhOY1B6czFMVThOZnVUQ0JqQnFaOWJTalNYelQ0N29kK0hCQTFXcHhoVklXcXE0TU5QcWVhaVlSRFwvM3BBUDBkV1JQWWluaXMwOWt5VTg5NE0xWHVoOVlhdlg5V1pNS21XcTNvQmRnXC9YOHJ0MTZ3OGoranIiLCJtYWMiOiI0ZmEwNGY2NGY1ODZhY2I1NTE0NDhiNmZkMjdkMzQ5YTI0ZDViN2I3OGEyMTU2NDk3ZjFhZDlhNDY1ODkyZWU4In0%3D; XSRF-TOKEN=eyJpdiI6InA1ZWRBOHd3Qm1BY2tRVDZRSWVDb0E9PSIsInZhbHVlIjoiMG1FSTRJR0szSVRyelpmdXU2RmFyTFQ3XC9mbzhhbmJOTFgxdTNWRlRXZ3lKNFg4Y1JLc2phK0pIcWl3MUdFZTlJZEk4RTJraFN0VTFhRzl5NmxUZlhBPT0iLCJtYWMiOiI5ZTgwNGEyZTU5NTI1MTJmZGNhYzA5YTllMTgzNjYwZmJlZWZlYTExMjNhMTRlYzFmYmE1MWI1ZGQ4NzFlYzM1In0%3D; laravel_session=eyJpdiI6IjQwUGc1WnpcL0tsNzZRS09mM1MrbkRnPT0iLCJ2YWx1ZSI6IndOMGV2Zm9kM21RUldhVmRUVks4VWhxZ3RFcHByK2RpTE1FeitnYlZwYXVTUllLdnNjb0dnazVaVVpFemhvQlIyUE4wT2hURzNSNHVwZUk5YXlFNkp3PT0iLCJtYWMiOiI5ZGEyNjgxNTZjYzBmMGQzMzAwZTliNmNkYzVlZmNkODk1YjAwMGViNzEzZjllZTAzMTczZTdjNjc4ZWRhMDEyIn0%3D; Hm_lvt_080836300300be57b7f34f4b3e97d911=1508240566; Hm_lpvt_080836300300be57b7f34f4b3e97d911=1508240566; PHPSESSID=fehi0btcal07fgihiacnl826f5; bdshare_firstime=1508240634762; UM_distinctid=15f2a25b39972-0883cb3f62534d-6b1b1279-100200-15f2a25b39a2c9; CNZZDATA1260722023=1658456057-1508240635-null%7C1508240635',
  'accept-language' => 'zh-CN,zh;q=0.8',
  'accept-encoding' => 'gzip, deflate, sdch, br',
  'referer' => 'http://localhost/qiye/public/',
  'accept' => '*/*',
  'user-agent' => 'Mozilla/5.0 (Windows NT 6.1; WOW64) AppleWebKit/537.36 (KHTML, like Gecko) Chrome/55.0.2883.87 Safari/537.36',
  'connection' => 'close',
  'host' => 'localhost',
)
[ info ] [ PARAM ] array (
)
[ info ] [ LOG ] INIT File

---------------------------------------------------------------
[ 2017-10-17T19:44:24+08:00 ] ::1 ::1 GET /qiye/public/static/index/images/loading.gif
[ log ] localhost/qiye/public/static/index/images/loading.gif [运行时间：0.030002s][吞吐率：33.33req/s] [内存消耗：1,118.69kb] [文件加载：40]
[ info ] [ LANG ] D:\phpStudy\WWW\qiye\thinkphp\lang\zh-cn.php
[ info ] [ ROUTE ] array (
  'type' => 'module',
  'module' => 
  array (
    0 => 'static',
    1 => 'index',
    2 => 'images',
  ),
)
[ info ] [ HEADER ] array (
  'cookie' => 'remember_admin_59ba36addc2b2f9401580f014c7f58ea4e30989d=eyJpdiI6InZ2cW56Q1VjNE41VERWQUVnSWdRZmc9PSIsInZhbHVlIjoiOTdkZjFndDBBa0xQR0h1VDV6a0diVUV3U2ZPdnl5eFNYdkorZkRGMmxQZGNtcEM0bkNqS1UrZ0MwNjZXNGdaT2k4MWMyZmZaR2VxbzhOY1B6czFMVThOZnVUQ0JqQnFaOWJTalNYelQ0N29kK0hCQTFXcHhoVklXcXE0TU5QcWVhaVlSRFwvM3BBUDBkV1JQWWluaXMwOWt5VTg5NE0xWHVoOVlhdlg5V1pNS21XcTNvQmRnXC9YOHJ0MTZ3OGoranIiLCJtYWMiOiI0ZmEwNGY2NGY1ODZhY2I1NTE0NDhiNmZkMjdkMzQ5YTI0ZDViN2I3OGEyMTU2NDk3ZjFhZDlhNDY1ODkyZWU4In0%3D; XSRF-TOKEN=eyJpdiI6InA1ZWRBOHd3Qm1BY2tRVDZRSWVDb0E9PSIsInZhbHVlIjoiMG1FSTRJR0szSVRyelpmdXU2RmFyTFQ3XC9mbzhhbmJOTFgxdTNWRlRXZ3lKNFg4Y1JLc2phK0pIcWl3MUdFZTlJZEk4RTJraFN0VTFhRzl5NmxUZlhBPT0iLCJtYWMiOiI5ZTgwNGEyZTU5NTI1MTJmZGNhYzA5YTllMTgzNjYwZmJlZWZlYTExMjNhMTRlYzFmYmE1MWI1ZGQ4NzFlYzM1In0%3D; laravel_session=eyJpdiI6IjQwUGc1WnpcL0tsNzZRS09mM1MrbkRnPT0iLCJ2YWx1ZSI6IndOMGV2Zm9kM21RUldhVmRUVks4VWhxZ3RFcHByK2RpTE1FeitnYlZwYXVTUllLdnNjb0dnazVaVVpFemhvQlIyUE4wT2hURzNSNHVwZUk5YXlFNkp3PT0iLCJtYWMiOiI5ZGEyNjgxNTZjYzBmMGQzMzAwZTliNmNkYzVlZmNkODk1YjAwMGViNzEzZjllZTAzMTczZTdjNjc4ZWRhMDEyIn0%3D; Hm_lvt_080836300300be57b7f34f4b3e97d911=1508240566; Hm_lpvt_080836300300be57b7f34f4b3e97d911=1508240566; PHPSESSID=fehi0btcal07fgihiacnl826f5; bdshare_firstime=1508240634762; UM_distinctid=15f2a25b39972-0883cb3f62534d-6b1b1279-100200-15f2a25b39a2c9; CNZZDATA1260722023=1658456057-1508240635-null%7C1508240635',
  'accept-language' => 'zh-CN,zh;q=0.8',
  'accept-encoding' => 'gzip, deflate, sdch, br',
  'referer' => 'http://localhost/qiye/public/static/index/style/style.css',
  'accept' => 'image/webp,image/*,*/*;q=0.8',
  'user-agent' => 'Mozilla/5.0 (Windows NT 6.1; WOW64) AppleWebKit/537.36 (KHTML, like Gecko) Chrome/55.0.2883.87 Safari/537.36',
  'connection' => 'close',
  'host' => 'localhost',
)
[ info ] [ PARAM ] array (
)
[ info ] [ LOG ] INIT File

---------------------------------------------------------------
[ 2017-10-17T19:44:24+08:00 ] ::1 ::1 GET /qiye/public/static/index/images/sitemap-dot.gif
[ log ] localhost/qiye/public/static/index/images/sitemap-dot.gif [运行时间：0.038002s][吞吐率：26.31req/s] [内存消耗：1,118.69kb] [文件加载：40]
[ info ] [ LANG ] D:\phpStudy\WWW\qiye\thinkphp\lang\zh-cn.php
[ info ] [ ROUTE ] array (
  'type' => 'module',
  'module' => 
  array (
    0 => 'static',
    1 => 'index',
    2 => 'images',
  ),
)
[ info ] [ HEADER ] array (
  'cookie' => 'remember_admin_59ba36addc2b2f9401580f014c7f58ea4e30989d=eyJpdiI6InZ2cW56Q1VjNE41VERWQUVnSWdRZmc9PSIsInZhbHVlIjoiOTdkZjFndDBBa0xQR0h1VDV6a0diVUV3U2ZPdnl5eFNYdkorZkRGMmxQZGNtcEM0bkNqS1UrZ0MwNjZXNGdaT2k4MWMyZmZaR2VxbzhOY1B6czFMVThOZnVUQ0JqQnFaOWJTalNYelQ0N29kK0hCQTFXcHhoVklXcXE0TU5QcWVhaVlSRFwvM3BBUDBkV1JQWWluaXMwOWt5VTg5NE0xWHVoOVlhdlg5V1pNS21XcTNvQmRnXC9YOHJ0MTZ3OGoranIiLCJtYWMiOiI0ZmEwNGY2NGY1ODZhY2I1NTE0NDhiNmZkMjdkMzQ5YTI0ZDViN2I3OGEyMTU2NDk3ZjFhZDlhNDY1ODkyZWU4In0%3D; XSRF-TOKEN=eyJpdiI6InA1ZWRBOHd3Qm1BY2tRVDZRSWVDb0E9PSIsInZhbHVlIjoiMG1FSTRJR0szSVRyelpmdXU2RmFyTFQ3XC9mbzhhbmJOTFgxdTNWRlRXZ3lKNFg4Y1JLc2phK0pIcWl3MUdFZTlJZEk4RTJraFN0VTFhRzl5NmxUZlhBPT0iLCJtYWMiOiI5ZTgwNGEyZTU5NTI1MTJmZGNhYzA5YTllMTgzNjYwZmJlZWZlYTExMjNhMTRlYzFmYmE1MWI1ZGQ4NzFlYzM1In0%3D; laravel_session=eyJpdiI6IjQwUGc1WnpcL0tsNzZRS09mM1MrbkRnPT0iLCJ2YWx1ZSI6IndOMGV2Zm9kM21RUldhVmRUVks4VWhxZ3RFcHByK2RpTE1FeitnYlZwYXVTUllLdnNjb0dnazVaVVpFemhvQlIyUE4wT2hURzNSNHVwZUk5YXlFNkp3PT0iLCJtYWMiOiI5ZGEyNjgxNTZjYzBmMGQzMzAwZTliNmNkYzVlZmNkODk1YjAwMGViNzEzZjllZTAzMTczZTdjNjc4ZWRhMDEyIn0%3D; Hm_lvt_080836300300be57b7f34f4b3e97d911=1508240566; Hm_lpvt_080836300300be57b7f34f4b3e97d911=1508240566; PHPSESSID=fehi0btcal07fgihiacnl826f5; bdshare_firstime=1508240634762; UM_distinctid=15f2a25b39972-0883cb3f62534d-6b1b1279-100200-15f2a25b39a2c9; CNZZDATA1260722023=1658456057-1508240635-null%7C1508240635',
  'accept-language' => 'zh-CN,zh;q=0.8',
  'accept-encoding' => 'gzip, deflate, sdch, br',
  'referer' => 'http://localhost/qiye/public/static/index/style/style.css',
  'accept' => 'image/webp,image/*,*/*;q=0.8',
  'user-agent' => 'Mozilla/5.0 (Windows NT 6.1; WOW64) AppleWebKit/537.36 (KHTML, like Gecko) Chrome/55.0.2883.87 Safari/537.36',
  'connection' => 'close',
  'host' => 'localhost',
)
[ info ] [ PARAM ] array (
)
[ info ] [ LOG ] INIT File

---------------------------------------------------------------
[ 2017-10-17T19:44:25+08:00 ] ::1 ::1 GET /qiye/public/static/index/images/focus-bg2.png
[ log ] localhost/qiye/public/static/index/images/focus-bg2.png [运行时间：0.021001s][吞吐率：47.62req/s] [内存消耗：1,118.69kb] [文件加载：40]
[ info ] [ LANG ] D:\phpStudy\WWW\qiye\thinkphp\lang\zh-cn.php
[ info ] [ ROUTE ] array (
  'type' => 'module',
  'module' => 
  array (
    0 => 'static',
    1 => 'index',
    2 => 'images',
  ),
)
[ info ] [ HEADER ] array (
  'cookie' => 'remember_admin_59ba36addc2b2f9401580f014c7f58ea4e30989d=eyJpdiI6InZ2cW56Q1VjNE41VERWQUVnSWdRZmc9PSIsInZhbHVlIjoiOTdkZjFndDBBa0xQR0h1VDV6a0diVUV3U2ZPdnl5eFNYdkorZkRGMmxQZGNtcEM0bkNqS1UrZ0MwNjZXNGdaT2k4MWMyZmZaR2VxbzhOY1B6czFMVThOZnVUQ0JqQnFaOWJTalNYelQ0N29kK0hCQTFXcHhoVklXcXE0TU5QcWVhaVlSRFwvM3BBUDBkV1JQWWluaXMwOWt5VTg5NE0xWHVoOVlhdlg5V1pNS21XcTNvQmRnXC9YOHJ0MTZ3OGoranIiLCJtYWMiOiI0ZmEwNGY2NGY1ODZhY2I1NTE0NDhiNmZkMjdkMzQ5YTI0ZDViN2I3OGEyMTU2NDk3ZjFhZDlhNDY1ODkyZWU4In0%3D; XSRF-TOKEN=eyJpdiI6InA1ZWRBOHd3Qm1BY2tRVDZRSWVDb0E9PSIsInZhbHVlIjoiMG1FSTRJR0szSVRyelpmdXU2RmFyTFQ3XC9mbzhhbmJOTFgxdTNWRlRXZ3lKNFg4Y1JLc2phK0pIcWl3MUdFZTlJZEk4RTJraFN0VTFhRzl5NmxUZlhBPT0iLCJtYWMiOiI5ZTgwNGEyZTU5NTI1MTJmZGNhYzA5YTllMTgzNjYwZmJlZWZlYTExMjNhMTRlYzFmYmE1MWI1ZGQ4NzFlYzM1In0%3D; laravel_session=eyJpdiI6IjQwUGc1WnpcL0tsNzZRS09mM1MrbkRnPT0iLCJ2YWx1ZSI6IndOMGV2Zm9kM21RUldhVmRUVks4VWhxZ3RFcHByK2RpTE1FeitnYlZwYXVTUllLdnNjb0dnazVaVVpFemhvQlIyUE4wT2hURzNSNHVwZUk5YXlFNkp3PT0iLCJtYWMiOiI5ZGEyNjgxNTZjYzBmMGQzMzAwZTliNmNkYzVlZmNkODk1YjAwMGViNzEzZjllZTAzMTczZTdjNjc4ZWRhMDEyIn0%3D; Hm_lvt_080836300300be57b7f34f4b3e97d911=1508240566; Hm_lpvt_080836300300be57b7f34f4b3e97d911=1508240566; PHPSESSID=fehi0btcal07fgihiacnl826f5; bdshare_firstime=1508240634762; UM_distinctid=15f2a25b39972-0883cb3f62534d-6b1b1279-100200-15f2a25b39a2c9; CNZZDATA1260722023=1658456057-1508240635-null%7C1508240635',
  'accept-language' => 'zh-CN,zh;q=0.8',
  'accept-encoding' => 'gzip, deflate, sdch, br',
  'referer' => 'http://localhost/qiye/public/static/index/style/style.css',
  'accept' => 'image/webp,image/*,*/*;q=0.8',
  'user-agent' => 'Mozilla/5.0 (Windows NT 6.1; WOW64) AppleWebKit/537.36 (KHTML, like Gecko) Chrome/55.0.2883.87 Safari/537.36',
  'connection' => 'close',
  'host' => 'localhost',
)
[ info ] [ PARAM ] array (
)
[ info ] [ LOG ] INIT File

---------------------------------------------------------------
[ 2017-10-17T19:44:25+08:00 ] ::1 ::1 GET /qiye/public/static/index/images/xh_area_title_h3.png
[ log ] localhost/qiye/public/static/index/images/xh_area_title_h3.png [运行时间：0.022001s][吞吐率：45.45req/s] [内存消耗：1,118.69kb] [文件加载：40]
[ info ] [ LANG ] D:\phpStudy\WWW\qiye\thinkphp\lang\zh-cn.php
[ info ] [ ROUTE ] array (
  'type' => 'module',
  'module' => 
  array (
    0 => 'static',
    1 => 'index',
    2 => 'images',
  ),
)
[ info ] [ HEADER ] array (
  'cookie' => 'remember_admin_59ba36addc2b2f9401580f014c7f58ea4e30989d=eyJpdiI6InZ2cW56Q1VjNE41VERWQUVnSWdRZmc9PSIsInZhbHVlIjoiOTdkZjFndDBBa0xQR0h1VDV6a0diVUV3U2ZPdnl5eFNYdkorZkRGMmxQZGNtcEM0bkNqS1UrZ0MwNjZXNGdaT2k4MWMyZmZaR2VxbzhOY1B6czFMVThOZnVUQ0JqQnFaOWJTalNYelQ0N29kK0hCQTFXcHhoVklXcXE0TU5QcWVhaVlSRFwvM3BBUDBkV1JQWWluaXMwOWt5VTg5NE0xWHVoOVlhdlg5V1pNS21XcTNvQmRnXC9YOHJ0MTZ3OGoranIiLCJtYWMiOiI0ZmEwNGY2NGY1ODZhY2I1NTE0NDhiNmZkMjdkMzQ5YTI0ZDViN2I3OGEyMTU2NDk3ZjFhZDlhNDY1ODkyZWU4In0%3D; XSRF-TOKEN=eyJpdiI6InA1ZWRBOHd3Qm1BY2tRVDZRSWVDb0E9PSIsInZhbHVlIjoiMG1FSTRJR0szSVRyelpmdXU2RmFyTFQ3XC9mbzhhbmJOTFgxdTNWRlRXZ3lKNFg4Y1JLc2phK0pIcWl3MUdFZTlJZEk4RTJraFN0VTFhRzl5NmxUZlhBPT0iLCJtYWMiOiI5ZTgwNGEyZTU5NTI1MTJmZGNhYzA5YTllMTgzNjYwZmJlZWZlYTExMjNhMTRlYzFmYmE1MWI1ZGQ4NzFlYzM1In0%3D; laravel_session=eyJpdiI6IjQwUGc1WnpcL0tsNzZRS09mM1MrbkRnPT0iLCJ2YWx1ZSI6IndOMGV2Zm9kM21RUldhVmRUVks4VWhxZ3RFcHByK2RpTE1FeitnYlZwYXVTUllLdnNjb0dnazVaVVpFemhvQlIyUE4wT2hURzNSNHVwZUk5YXlFNkp3PT0iLCJtYWMiOiI5ZGEyNjgxNTZjYzBmMGQzMzAwZTliNmNkYzVlZmNkODk1YjAwMGViNzEzZjllZTAzMTczZTdjNjc4ZWRhMDEyIn0%3D; Hm_lvt_080836300300be57b7f34f4b3e97d911=1508240566; Hm_lpvt_080836300300be57b7f34f4b3e97d911=1508240566; PHPSESSID=fehi0btcal07fgihiacnl826f5; bdshare_firstime=1508240634762; UM_distinctid=15f2a25b39972-0883cb3f62534d-6b1b1279-100200-15f2a25b39a2c9; CNZZDATA1260722023=1658456057-1508240635-null%7C1508240635',
  'accept-language' => 'zh-CN,zh;q=0.8',
  'accept-encoding' => 'gzip, deflate, sdch, br',
  'referer' => 'http://localhost/qiye/public/static/index/style/style.css',
  'accept' => 'image/webp,image/*,*/*;q=0.8',
  'user-agent' => 'Mozilla/5.0 (Windows NT 6.1; WOW64) AppleWebKit/537.36 (KHTML, like Gecko) Chrome/55.0.2883.87 Safari/537.36',
  'connection' => 'close',
  'host' => 'localhost',
)
[ info ] [ PARAM ] array (
)
[ info ] [ LOG ] INIT File

---------------------------------------------------------------
[ 2017-10-17T19:44:25+08:00 ] ::1 ::1 GET /qiye/public/static/index/images/scroll.png
[ log ] localhost/qiye/public/static/index/images/scroll.png [运行时间：0.021001s][吞吐率：47.62req/s] [内存消耗：1,118.69kb] [文件加载：40]
[ info ] [ LANG ] D:\phpStudy\WWW\qiye\thinkphp\lang\zh-cn.php
[ info ] [ ROUTE ] array (
  'type' => 'module',
  'module' => 
  array (
    0 => 'static',
    1 => 'index',
    2 => 'images',
  ),
)
[ info ] [ HEADER ] array (
  'cookie' => 'remember_admin_59ba36addc2b2f9401580f014c7f58ea4e30989d=eyJpdiI6InZ2cW56Q1VjNE41VERWQUVnSWdRZmc9PSIsInZhbHVlIjoiOTdkZjFndDBBa0xQR0h1VDV6a0diVUV3U2ZPdnl5eFNYdkorZkRGMmxQZGNtcEM0bkNqS1UrZ0MwNjZXNGdaT2k4MWMyZmZaR2VxbzhOY1B6czFMVThOZnVUQ0JqQnFaOWJTalNYelQ0N29kK0hCQTFXcHhoVklXcXE0TU5QcWVhaVlSRFwvM3BBUDBkV1JQWWluaXMwOWt5VTg5NE0xWHVoOVlhdlg5V1pNS21XcTNvQmRnXC9YOHJ0MTZ3OGoranIiLCJtYWMiOiI0ZmEwNGY2NGY1ODZhY2I1NTE0NDhiNmZkMjdkMzQ5YTI0ZDViN2I3OGEyMTU2NDk3ZjFhZDlhNDY1ODkyZWU4In0%3D; XSRF-TOKEN=eyJpdiI6InA1ZWRBOHd3Qm1BY2tRVDZRSWVDb0E9PSIsInZhbHVlIjoiMG1FSTRJR0szSVRyelpmdXU2RmFyTFQ3XC9mbzhhbmJOTFgxdTNWRlRXZ3lKNFg4Y1JLc2phK0pIcWl3MUdFZTlJZEk4RTJraFN0VTFhRzl5NmxUZlhBPT0iLCJtYWMiOiI5ZTgwNGEyZTU5NTI1MTJmZGNhYzA5YTllMTgzNjYwZmJlZWZlYTExMjNhMTRlYzFmYmE1MWI1ZGQ4NzFlYzM1In0%3D; laravel_session=eyJpdiI6IjQwUGc1WnpcL0tsNzZRS09mM1MrbkRnPT0iLCJ2YWx1ZSI6IndOMGV2Zm9kM21RUldhVmRUVks4VWhxZ3RFcHByK2RpTE1FeitnYlZwYXVTUllLdnNjb0dnazVaVVpFemhvQlIyUE4wT2hURzNSNHVwZUk5YXlFNkp3PT0iLCJtYWMiOiI5ZGEyNjgxNTZjYzBmMGQzMzAwZTliNmNkYzVlZmNkODk1YjAwMGViNzEzZjllZTAzMTczZTdjNjc4ZWRhMDEyIn0%3D; Hm_lvt_080836300300be57b7f34f4b3e97d911=1508240566; Hm_lpvt_080836300300be57b7f34f4b3e97d911=1508240566; PHPSESSID=fehi0btcal07fgihiacnl826f5; bdshare_firstime=1508240634762; UM_distinctid=15f2a25b39972-0883cb3f62534d-6b1b1279-100200-15f2a25b39a2c9; CNZZDATA1260722023=1658456057-1508240635-null%7C1508240635',
  'accept-language' => 'zh-CN,zh;q=0.8',
  'accept-encoding' => 'gzip, deflate, sdch, br',
  'referer' => 'http://localhost/qiye/public/static/index/style/style.css',
  'accept' => 'image/webp,image/*,*/*;q=0.8',
  'user-agent' => 'Mozilla/5.0 (Windows NT 6.1; WOW64) AppleWebKit/537.36 (KHTML, like Gecko) Chrome/55.0.2883.87 Safari/537.36',
  'connection' => 'close',
  'host' => 'localhost',
)
[ info ] [ PARAM ] array (
)
[ info ] [ LOG ] INIT File

---------------------------------------------------------------
