[ 2017-10-30T20:37:50+08:00 ] ::1 ::1 GET /qiye/public/index.php
[ log ] localhost/qiye/public/index.php [运行时间：0.783044s][吞吐率：1.28req/s] [内存消耗：2,856.71kb] [文件加载：62]
[ info ] [ LANG ] D:\phpStudy\PHPTutorial\WWW\qiye\thinkphp\lang\zh-cn.php
[ info ] [ ROUTE ] array (
  'type' => 'module',
  'module' => 
  array (
    0 => '',
    1 => NULL,
    2 => NULL,
  ),
)
[ info ] [ HEADER ] array (
  'upgrade-insecure-requests' => '1',
  'connection' => 'close',
  'cookie' => 'bdshare_firstime=1497855369986',
  'accept-encoding' => 'gzip, deflate',
  'accept-language' => 'zh-CN,zh;q=0.8,en-US;q=0.5,en;q=0.3',
  'accept' => 'text/html,application/xhtml+xml,application/xml;q=0.9,*/*;q=0.8',
  'user-agent' => 'Mozilla/5.0 (Windows NT 6.1; Win64; x64; rv:56.0) Gecko/20100101 Firefox/56.0',
  'host' => 'localhost',
)
[ info ] [ PARAM ] array (
)
[ info ] [ DB ] INIT mysql
[ info ] [ DB ] INIT mysql
[ info ] [ DB ] INIT mysql
[ info ] [ DB ] INIT mysql
[ info ] [ DB ] INIT mysql
[ info ] [ DB ] INIT mysql
[ info ] [ DB ] INIT mysql
[ info ] [ RUN ] app\index\controller\Index->index[ D:\phpStudy\PHPTutorial\WWW\qiye\application\index\controller\Index.php ]
[ info ] [ DB ] INIT mysql
[ info ] [ DB ] INIT mysql
[ info ] [ DB ] INIT mysql
[ info ] [ VIEW ] D:\phpStudy\PHPTutorial\WWW\qiye\public/../application/index\view\index\index.html [ array (
  0 => 'confs',
  1 => 'cateres',
  2 => 'recBottom',
  3 => 'getIndexRecommend',
  4 => 'recommend',
  5 => 'indexHotArticles',
  6 => 'getNewArticles',
  7 => 'link',
) ]
[ info ] [ LOG ] INIT File
[ sql ] [ DB ] CONNECT:[ UseTime:0.002000s ] mysql:dbname=tp5;host=127.0.0.1;charset=utf8
[ sql ] [ SQL ] SHOW COLUMNS FROM `tp_conf` [ RunTime:0.016001s ]
[ sql ] [ SQL ] SELECT `ename`,`value` FROM `tp_conf`  [ RunTime:0.000000s ]
[ sql ] [ DB ] CONNECT:[ UseTime:0.001001s ] mysql:dbname=tp5;host=127.0.0.1;charset=utf8
[ sql ] [ SQL ] SHOW COLUMNS FROM `tp_cate` [ RunTime:0.014000s ]
[ sql ] [ SQL ] SELECT * FROM `tp_cate` WHERE  `pid` = 0 ORDER BY sort desc   [ RunTime:0.001000s ]
[ sql ] [ DB ] CONNECT:[ UseTime:0.002001s ] mysql:dbname=tp5;host=127.0.0.1;charset=utf8
[ sql ] [ SQL ] SELECT * FROM `tp_cate` WHERE  `pid` = 6   [ RunTime:0.002000s ]
[ sql ] [ DB ] CONNECT:[ UseTime:0.011000s ] mysql:dbname=tp5;host=127.0.0.1;charset=utf8
[ sql ] [ SQL ] SELECT * FROM `tp_cate` WHERE  `pid` = 3   [ RunTime:0.000000s ]
[ sql ] [ DB ] CONNECT:[ UseTime:0.011001s ] mysql:dbname=tp5;host=127.0.0.1;charset=utf8
[ sql ] [ SQL ] SELECT * FROM `tp_cate` WHERE  `pid` = 9   [ RunTime:0.000000s ]
[ sql ] [ DB ] CONNECT:[ UseTime:0.000000s ] mysql:dbname=tp5;host=127.0.0.1;charset=utf8
[ sql ] [ SQL ] SELECT * FROM `tp_cate` WHERE  `pid` = 2   [ RunTime:0.001000s ]
[ sql ] [ DB ] CONNECT:[ UseTime:0.010001s ] mysql:dbname=tp5;host=127.0.0.1;charset=utf8
[ sql ] [ SQL ] SELECT * FROM `tp_cate` WHERE  `pid` = 1   [ RunTime:0.000000s ]
[ sql ] [ SQL ] SELECT * FROM `tp_cate` WHERE  `rec_bottom` = 1 ORDER BY id desc   [ RunTime:0.001000s ]
[ sql ] [ DB ] CONNECT:[ UseTime:0.002000s ] mysql:dbname=tp5;host=127.0.0.1;charset=utf8
[ sql ] [ SQL ] SHOW COLUMNS FROM `tp_article` [ RunTime:0.008000s ]
[ sql ] [ SQL ] SELECT `a`.`id`,`a`.`title`,`a`.`thumb`,`a`.`desc`,`a`.`time`,`a`.`zan`,`a`.`click`,`b`.`catename` FROM `tp_article` `a` INNER JOIN `tp_cate` `b` ON `a`.`cateid`=`b`.`id` ORDER BY a.id desc LIMIT 10   [ RunTime:0.001000s ]
[ sql ] [ DB ] CONNECT:[ UseTime:0.001000s ] mysql:dbname=tp5;host=127.0.0.1;charset=utf8
[ sql ] [ SQL ] SHOW COLUMNS FROM `tp_link` [ RunTime:0.011001s ]
[ sql ] [ SQL ] SELECT * FROM `tp_link` ORDER BY sort desc  [ RunTime:0.000000s ]
[ sql ] [ DB ] CONNECT:[ UseTime:0.001000s ] mysql:dbname=tp5;host=127.0.0.1;charset=utf8
[ sql ] [ SQL ] SELECT `id`,`title`,`thumb` FROM `tp_article` ORDER BY click desc LIMIT 5   [ RunTime:0.000000s ]
[ sql ] [ SQL ] SELECT `id`,`title`,`thumb` FROM `tp_article` WHERE  `recommend` = 1 ORDER BY id desc LIMIT 4    [ RunTime:0.000000s ]
[ sql ] [ SQL ] SELECT * FROM `tp_cate` WHERE  `rec_index` = 1 ORDER BY id desc   [ RunTime:0.001000s ]

---------------------------------------------------------------
[ 2017-10-30T20:37:50+08:00 ] ::1 ::1 GET /qiye/public/static/index/style/jquery.error.js
[ log ] localhost/qiye/public/static/index/style/jquery.error.js [运行时间：0.064003s][吞吐率：15.62req/s] [内存消耗：1,121.45kb] [文件加载：40]
[ info ] [ LANG ] D:\phpStudy\PHPTutorial\WWW\qiye\thinkphp\lang\zh-cn.php
[ info ] [ ROUTE ] array (
  'type' => 'module',
  'module' => 
  array (
    0 => 'static',
    1 => 'index',
    2 => 'style',
  ),
)
[ info ] [ HEADER ] array (
  'connection' => 'close',
  'cookie' => 'bdshare_firstime=1497855369986',
  'referer' => 'http://localhost/qiye/public/index.php',
  'accept-encoding' => 'gzip, deflate',
  'accept-language' => 'zh-CN,zh;q=0.8,en-US;q=0.5,en;q=0.3',
  'accept' => '*/*',
  'user-agent' => 'Mozilla/5.0 (Windows NT 6.1; Win64; x64; rv:56.0) Gecko/20100101 Firefox/56.0',
  'host' => 'localhost',
)
[ info ] [ PARAM ] array (
)
[ info ] [ LOG ] INIT File

---------------------------------------------------------------
[ 2017-10-30T20:37:50+08:00 ] ::1 ::1 GET /qiye/public/static/index/style/jquery.error.js
[ log ] localhost/qiye/public/static/index/style/jquery.error.js [运行时间：0.025002s][吞吐率：40.00req/s] [内存消耗：1,121.45kb] [文件加载：40]
[ info ] [ LANG ] D:\phpStudy\PHPTutorial\WWW\qiye\thinkphp\lang\zh-cn.php
[ info ] [ ROUTE ] array (
  'type' => 'module',
  'module' => 
  array (
    0 => 'static',
    1 => 'index',
    2 => 'style',
  ),
)
[ info ] [ HEADER ] array (
  'connection' => 'close',
  'cookie' => 'bdshare_firstime=1497855369986',
  'referer' => 'http://localhost/qiye/public/index.php',
  'accept-encoding' => 'gzip, deflate',
  'accept-language' => 'zh-CN,zh;q=0.8,en-US;q=0.5,en;q=0.3',
  'accept' => '*/*',
  'user-agent' => 'Mozilla/5.0 (Windows NT 6.1; Win64; x64; rv:56.0) Gecko/20100101 Firefox/56.0',
  'host' => 'localhost',
)
[ info ] [ PARAM ] array (
)
[ info ] [ LOG ] INIT File

---------------------------------------------------------------
[ 2017-10-30T20:37:51+08:00 ] ::1 ::1 GET /qiye/public/static/index/style/jquery.form.js
[ log ] localhost/qiye/public/static/index/style/jquery.form.js [运行时间：0.023001s][吞吐率：43.48req/s] [内存消耗：1,121.45kb] [文件加载：40]
[ info ] [ LANG ] D:\phpStudy\PHPTutorial\WWW\qiye\thinkphp\lang\zh-cn.php
[ info ] [ ROUTE ] array (
  'type' => 'module',
  'module' => 
  array (
    0 => 'static',
    1 => 'index',
    2 => 'style',
  ),
)
[ info ] [ HEADER ] array (
  'connection' => 'close',
  'cookie' => 'bdshare_firstime=1497855369986',
  'referer' => 'http://localhost/qiye/public/index.php',
  'accept-encoding' => 'gzip, deflate',
  'accept-language' => 'zh-CN,zh;q=0.8,en-US;q=0.5,en;q=0.3',
  'accept' => '*/*',
  'user-agent' => 'Mozilla/5.0 (Windows NT 6.1; Win64; x64; rv:56.0) Gecko/20100101 Firefox/56.0',
  'host' => 'localhost',
)
[ info ] [ PARAM ] array (
)
[ info ] [ LOG ] INIT File

---------------------------------------------------------------
[ 2017-10-30T20:37:51+08:00 ] ::1 ::1 GET /qiye/public/static/index/images/loading.gif
[ log ] localhost/qiye/public/static/index/images/loading.gif [运行时间：0.046003s][吞吐率：21.74req/s] [内存消耗：1,121.48kb] [文件加载：40]
[ info ] [ LANG ] D:\phpStudy\PHPTutorial\WWW\qiye\thinkphp\lang\zh-cn.php
[ info ] [ ROUTE ] array (
  'type' => 'module',
  'module' => 
  array (
    0 => 'static',
    1 => 'index',
    2 => 'images',
  ),
)
[ info ] [ HEADER ] array (
  'connection' => 'close',
  'cookie' => 'bdshare_firstime=1497855369986',
  'referer' => 'http://localhost/qiye/public/static/index/style/style.css',
  'accept-encoding' => 'gzip, deflate',
  'accept-language' => 'zh-CN,zh;q=0.8,en-US;q=0.5,en;q=0.3',
  'accept' => '*/*',
  'user-agent' => 'Mozilla/5.0 (Windows NT 6.1; Win64; x64; rv:56.0) Gecko/20100101 Firefox/56.0',
  'host' => 'localhost',
)
[ info ] [ PARAM ] array (
)
[ info ] [ LOG ] INIT File

---------------------------------------------------------------
[ 2017-10-30T20:37:51+08:00 ] ::1 ::1 GET /qiye/public/static/index/images/xh_area_title_h3.png
[ log ] localhost/qiye/public/static/index/images/xh_area_title_h3.png [运行时间：0.038002s][吞吐率：26.31req/s] [内存消耗：1,121.48kb] [文件加载：40]
[ info ] [ LANG ] D:\phpStudy\PHPTutorial\WWW\qiye\thinkphp\lang\zh-cn.php
[ info ] [ ROUTE ] array (
  'type' => 'module',
  'module' => 
  array (
    0 => 'static',
    1 => 'index',
    2 => 'images',
  ),
)
[ info ] [ HEADER ] array (
  'connection' => 'close',
  'cookie' => 'bdshare_firstime=1497855369986',
  'referer' => 'http://localhost/qiye/public/static/index/style/style.css',
  'accept-encoding' => 'gzip, deflate',
  'accept-language' => 'zh-CN,zh;q=0.8,en-US;q=0.5,en;q=0.3',
  'accept' => '*/*',
  'user-agent' => 'Mozilla/5.0 (Windows NT 6.1; Win64; x64; rv:56.0) Gecko/20100101 Firefox/56.0',
  'host' => 'localhost',
)
[ info ] [ PARAM ] array (
)
[ info ] [ LOG ] INIT File

---------------------------------------------------------------
[ 2017-10-30T20:37:51+08:00 ] ::1 ::1 GET /qiye/public/static/index/images/sitemap-dot.gif
[ log ] localhost/qiye/public/static/index/images/sitemap-dot.gif [运行时间：0.054003s][吞吐率：18.52req/s] [内存消耗：1,121.48kb] [文件加载：40]
[ info ] [ LANG ] D:\phpStudy\PHPTutorial\WWW\qiye\thinkphp\lang\zh-cn.php
[ info ] [ ROUTE ] array (
  'type' => 'module',
  'module' => 
  array (
    0 => 'static',
    1 => 'index',
    2 => 'images',
  ),
)
[ info ] [ HEADER ] array (
  'connection' => 'close',
  'cookie' => 'bdshare_firstime=1497855369986',
  'referer' => 'http://localhost/qiye/public/static/index/style/style.css',
  'accept-encoding' => 'gzip, deflate',
  'accept-language' => 'zh-CN,zh;q=0.8,en-US;q=0.5,en;q=0.3',
  'accept' => '*/*',
  'user-agent' => 'Mozilla/5.0 (Windows NT 6.1; Win64; x64; rv:56.0) Gecko/20100101 Firefox/56.0',
  'host' => 'localhost',
)
[ info ] [ PARAM ] array (
)
[ info ] [ LOG ] INIT File

---------------------------------------------------------------
[ 2017-10-30T20:37:52+08:00 ] ::1 ::1 GET /qiye/public/static/index/images/focus-bg2.png
[ log ] localhost/qiye/public/static/index/images/focus-bg2.png [运行时间：0.055004s][吞吐率：18.18req/s] [内存消耗：1,121.48kb] [文件加载：40]
[ info ] [ LANG ] D:\phpStudy\PHPTutorial\WWW\qiye\thinkphp\lang\zh-cn.php
[ info ] [ ROUTE ] array (
  'type' => 'module',
  'module' => 
  array (
    0 => 'static',
    1 => 'index',
    2 => 'images',
  ),
)
[ info ] [ HEADER ] array (
  'connection' => 'close',
  'cookie' => 'bdshare_firstime=1497855369986',
  'referer' => 'http://localhost/qiye/public/static/index/style/style.css',
  'accept-encoding' => 'gzip, deflate',
  'accept-language' => 'zh-CN,zh;q=0.8,en-US;q=0.5,en;q=0.3',
  'accept' => '*/*',
  'user-agent' => 'Mozilla/5.0 (Windows NT 6.1; Win64; x64; rv:56.0) Gecko/20100101 Firefox/56.0',
  'host' => 'localhost',
)
[ info ] [ PARAM ] array (
)
[ info ] [ LOG ] INIT File

---------------------------------------------------------------
[ 2017-10-30T20:37:53+08:00 ] ::1 ::1 GET /qiye/public/static/index/images/scroll.png
[ log ] localhost/qiye/public/static/index/images/scroll.png [运行时间：0.047003s][吞吐率：21.28req/s] [内存消耗：1,121.48kb] [文件加载：40]
[ info ] [ LANG ] D:\phpStudy\PHPTutorial\WWW\qiye\thinkphp\lang\zh-cn.php
[ info ] [ ROUTE ] array (
  'type' => 'module',
  'module' => 
  array (
    0 => 'static',
    1 => 'index',
    2 => 'images',
  ),
)
[ info ] [ HEADER ] array (
  'connection' => 'close',
  'cookie' => 'bdshare_firstime=1497855369986',
  'referer' => 'http://localhost/qiye/public/static/index/style/style.css',
  'accept-encoding' => 'gzip, deflate',
  'accept-language' => 'zh-CN,zh;q=0.8,en-US;q=0.5,en;q=0.3',
  'accept' => '*/*',
  'user-agent' => 'Mozilla/5.0 (Windows NT 6.1; Win64; x64; rv:56.0) Gecko/20100101 Firefox/56.0',
  'host' => 'localhost',
)
[ info ] [ PARAM ] array (
)
[ info ] [ LOG ] INIT File

---------------------------------------------------------------
[ 2017-10-30T20:37:55+08:00 ] ::1 ::1 GET /qiye/public/index.php/index/artlist/index/cateid/4
[ log ] localhost/qiye/public/index.php/index/artlist/index/cateid/4 [运行时间：0.180011s][吞吐率：5.56req/s] [内存消耗：3,692.52kb] [文件加载：66]
[ info ] [ LANG ] D:\phpStudy\PHPTutorial\WWW\qiye\thinkphp\lang\zh-cn.php
[ info ] [ ROUTE ] array (
  'type' => 'module',
  'module' => 
  array (
    0 => 'index',
    1 => 'artlist',
    2 => 'index',
  ),
)
[ info ] [ HEADER ] array (
  'upgrade-insecure-requests' => '1',
  'connection' => 'close',
  'cookie' => 'bdshare_firstime=1497855369986',
  'referer' => 'http://localhost/qiye/public/index.php',
  'accept-encoding' => 'gzip, deflate',
  'accept-language' => 'zh-CN,zh;q=0.8,en-US;q=0.5,en;q=0.3',
  'accept' => 'text/html,application/xhtml+xml,application/xml;q=0.9,*/*;q=0.8',
  'user-agent' => 'Mozilla/5.0 (Windows NT 6.1; Win64; x64; rv:56.0) Gecko/20100101 Firefox/56.0',
  'host' => 'localhost',
)
[ info ] [ PARAM ] array (
  'cateid' => '4',
)
[ info ] [ DB ] INIT mysql
[ info ] [ DB ] INIT mysql
[ info ] [ DB ] INIT mysql
[ info ] [ DB ] INIT mysql
[ info ] [ DB ] INIT mysql
[ info ] [ DB ] INIT mysql
[ info ] [ DB ] INIT mysql
[ info ] [ RUN ] app\index\controller\Artlist->index[ D:\phpStudy\PHPTutorial\WWW\qiye\application\index\controller\Artlist.php ]
[ info ] [ DB ] INIT mysql
[ info ] [ DB ] INIT mysql
[ info ] [ DB ] INIT mysql
[ info ] [ VIEW ] D:\phpStudy\PHPTutorial\WWW\qiye\public/../application/index\view\artlist\index.html [ array (
  0 => 'confs',
  1 => 'cateres',
  2 => 'recBottom',
  3 => 'hotArticles',
  4 => 'page',
  5 => 'article',
  6 => 'getParents',
) ]
[ info ] [ LOG ] INIT File
[ sql ] [ DB ] CONNECT:[ UseTime:0.001000s ] mysql:dbname=tp5;host=127.0.0.1;charset=utf8
[ sql ] [ SQL ] SHOW COLUMNS FROM `tp_conf` [ RunTime:0.008000s ]
[ sql ] [ SQL ] SELECT `ename`,`value` FROM `tp_conf`  [ RunTime:0.001000s ]
[ sql ] [ DB ] CONNECT:[ UseTime:0.000000s ] mysql:dbname=tp5;host=127.0.0.1;charset=utf8
[ sql ] [ SQL ] SHOW COLUMNS FROM `tp_cate` [ RunTime:0.008001s ]
[ sql ] [ SQL ] SELECT * FROM `tp_cate` WHERE  `pid` = 0 ORDER BY sort desc   [ RunTime:0.000000s ]
[ sql ] [ DB ] CONNECT:[ UseTime:0.001000s ] mysql:dbname=tp5;host=127.0.0.1;charset=utf8
[ sql ] [ SQL ] SELECT * FROM `tp_cate` WHERE  `pid` = 6   [ RunTime:0.001000s ]
[ sql ] [ DB ] CONNECT:[ UseTime:0.000000s ] mysql:dbname=tp5;host=127.0.0.1;charset=utf8
[ sql ] [ SQL ] SELECT * FROM `tp_cate` WHERE  `pid` = 3   [ RunTime:0.001000s ]
[ sql ] [ DB ] CONNECT:[ UseTime:0.000000s ] mysql:dbname=tp5;host=127.0.0.1;charset=utf8
[ sql ] [ SQL ] SELECT * FROM `tp_cate` WHERE  `pid` = 9   [ RunTime:0.001000s ]
[ sql ] [ DB ] CONNECT:[ UseTime:0.000000s ] mysql:dbname=tp5;host=127.0.0.1;charset=utf8
[ sql ] [ SQL ] SELECT * FROM `tp_cate` WHERE  `pid` = 2   [ RunTime:0.001000s ]
[ sql ] [ DB ] CONNECT:[ UseTime:0.005000s ] mysql:dbname=tp5;host=127.0.0.1;charset=utf8
[ sql ] [ SQL ] SELECT * FROM `tp_cate` WHERE  `pid` = 1   [ RunTime:0.000000s ]
[ sql ] [ SQL ] SELECT * FROM `tp_cate` WHERE  `rec_bottom` = 1 ORDER BY id desc   [ RunTime:0.000000s ]
[ sql ] [ SQL ] SELECT * FROM `tp_cate`  [ RunTime:0.000000s ]
[ sql ] [ DB ] CONNECT:[ UseTime:0.001000s ] mysql:dbname=tp5;host=127.0.0.1;charset=utf8
[ sql ] [ SQL ] SHOW COLUMNS FROM `tp_article` [ RunTime:0.007001s ]
[ sql ] [ SQL ] SELECT COUNT(*) AS tp_count FROM `tp_article` WHERE  (  cateid IN(4) ) ORDER BY id desc LIMIT 1   [ RunTime:0.001000s ]
[ sql ] [ SQL ] SELECT * FROM `tp_article` WHERE  (  cateid IN(4) ) ORDER BY id desc LIMIT 0,8   [ RunTime:0.003000s ]
[ sql ] [ SQL ] SELECT * FROM `tp_cate`  [ RunTime:0.000000s ]
[ sql ] [ DB ] CONNECT:[ UseTime:0.010000s ] mysql:dbname=tp5;host=127.0.0.1;charset=utf8
[ sql ] [ SQL ] SELECT * FROM `tp_article` WHERE  (  cateid IN(4) ) ORDER BY click desc LIMIT 5   [ RunTime:0.002000s ]
[ sql ] [ SQL ] SELECT `id`,`pid`,`catename` FROM `tp_cate`  [ RunTime:0.001000s ]
[ sql ] [ DB ] CONNECT:[ UseTime:0.001000s ] mysql:dbname=tp5;host=127.0.0.1;charset=utf8
[ sql ] [ SQL ] SELECT `id`,`pid`,`catename` FROM `tp_cate` WHERE  `id` = 4 LIMIT 1    [ RunTime:0.000000s ]

---------------------------------------------------------------
[ 2017-10-30T20:37:55+08:00 ] ::1 ::1 GET /qiye/public/static/index/style/jquery.error.js
[ log ] localhost/qiye/public/static/index/style/jquery.error.js [运行时间：0.045003s][吞吐率：22.22req/s] [内存消耗：1,121.49kb] [文件加载：40]
[ info ] [ LANG ] D:\phpStudy\PHPTutorial\WWW\qiye\thinkphp\lang\zh-cn.php
[ info ] [ ROUTE ] array (
  'type' => 'module',
  'module' => 
  array (
    0 => 'static',
    1 => 'index',
    2 => 'style',
  ),
)
[ info ] [ HEADER ] array (
  'connection' => 'close',
  'cookie' => 'bdshare_firstime=1497855369986',
  'referer' => 'http://localhost/qiye/public/index.php/index/artlist/index/cateid/4',
  'accept-encoding' => 'gzip, deflate',
  'accept-language' => 'zh-CN,zh;q=0.8,en-US;q=0.5,en;q=0.3',
  'accept' => '*/*',
  'user-agent' => 'Mozilla/5.0 (Windows NT 6.1; Win64; x64; rv:56.0) Gecko/20100101 Firefox/56.0',
  'host' => 'localhost',
)
[ info ] [ PARAM ] array (
)
[ info ] [ LOG ] INIT File

---------------------------------------------------------------
[ 2017-10-30T20:37:55+08:00 ] ::1 ::1 GET /qiye/public/static/index/style/jquery.error.js
[ log ] localhost/qiye/public/static/index/style/jquery.error.js [运行时间：0.026002s][吞吐率：38.46req/s] [内存消耗：1,121.49kb] [文件加载：40]
[ info ] [ LANG ] D:\phpStudy\PHPTutorial\WWW\qiye\thinkphp\lang\zh-cn.php
[ info ] [ ROUTE ] array (
  'type' => 'module',
  'module' => 
  array (
    0 => 'static',
    1 => 'index',
    2 => 'style',
  ),
)
[ info ] [ HEADER ] array (
  'connection' => 'close',
  'cookie' => 'bdshare_firstime=1497855369986',
  'referer' => 'http://localhost/qiye/public/index.php/index/artlist/index/cateid/4',
  'accept-encoding' => 'gzip, deflate',
  'accept-language' => 'zh-CN,zh;q=0.8,en-US;q=0.5,en;q=0.3',
  'accept' => '*/*',
  'user-agent' => 'Mozilla/5.0 (Windows NT 6.1; Win64; x64; rv:56.0) Gecko/20100101 Firefox/56.0',
  'host' => 'localhost',
)
[ info ] [ PARAM ] array (
)
[ info ] [ LOG ] INIT File

---------------------------------------------------------------
[ 2017-10-30T20:37:56+08:00 ] ::1 ::1 GET /qiye/public/static/index/style/jquery.form.js
[ log ] localhost/qiye/public/static/index/style/jquery.form.js [运行时间：0.029002s][吞吐率：34.48req/s] [内存消耗：1,121.49kb] [文件加载：40]
[ info ] [ LANG ] D:\phpStudy\PHPTutorial\WWW\qiye\thinkphp\lang\zh-cn.php
[ info ] [ ROUTE ] array (
  'type' => 'module',
  'module' => 
  array (
    0 => 'static',
    1 => 'index',
    2 => 'style',
  ),
)
[ info ] [ HEADER ] array (
  'connection' => 'close',
  'cookie' => 'bdshare_firstime=1497855369986',
  'referer' => 'http://localhost/qiye/public/index.php/index/artlist/index/cateid/4',
  'accept-encoding' => 'gzip, deflate',
  'accept-language' => 'zh-CN,zh;q=0.8,en-US;q=0.5,en;q=0.3',
  'accept' => '*/*',
  'user-agent' => 'Mozilla/5.0 (Windows NT 6.1; Win64; x64; rv:56.0) Gecko/20100101 Firefox/56.0',
  'host' => 'localhost',
)
[ info ] [ PARAM ] array (
)
[ info ] [ LOG ] INIT File

---------------------------------------------------------------
[ 2017-10-30T20:37:58+08:00 ] ::1 ::1 GET /qiye/public/index.php/index/imglist/index/cateid/9
[ log ] localhost/qiye/public/index.php/index/imglist/index/cateid/9 [运行时间：0.176010s][吞吐率：5.68req/s] [内存消耗：2,801.12kb] [文件加载：66]
[ info ] [ LANG ] D:\phpStudy\PHPTutorial\WWW\qiye\thinkphp\lang\zh-cn.php
[ info ] [ ROUTE ] array (
  'type' => 'module',
  'module' => 
  array (
    0 => 'index',
    1 => 'imglist',
    2 => 'index',
  ),
)
[ info ] [ HEADER ] array (
  'upgrade-insecure-requests' => '1',
  'connection' => 'close',
  'cookie' => 'bdshare_firstime=1497855369986',
  'referer' => 'http://localhost/qiye/public/index.php/index/artlist/index/cateid/4',
  'accept-encoding' => 'gzip, deflate',
  'accept-language' => 'zh-CN,zh;q=0.8,en-US;q=0.5,en;q=0.3',
  'accept' => 'text/html,application/xhtml+xml,application/xml;q=0.9,*/*;q=0.8',
  'user-agent' => 'Mozilla/5.0 (Windows NT 6.1; Win64; x64; rv:56.0) Gecko/20100101 Firefox/56.0',
  'host' => 'localhost',
)
[ info ] [ PARAM ] array (
  'cateid' => '9',
)
[ info ] [ DB ] INIT mysql
[ info ] [ DB ] INIT mysql
[ info ] [ DB ] INIT mysql
[ info ] [ DB ] INIT mysql
[ info ] [ DB ] INIT mysql
[ info ] [ DB ] INIT mysql
[ info ] [ DB ] INIT mysql
[ info ] [ RUN ] app\index\controller\Imglist->index[ D:\phpStudy\PHPTutorial\WWW\qiye\application\index\controller\Imglist.php ]
[ info ] [ DB ] INIT mysql
[ info ] [ DB ] INIT mysql
[ info ] [ VIEW ] D:\phpStudy\PHPTutorial\WWW\qiye\public/../application/index\view\imglist\index.html [ array (
  0 => 'confs',
  1 => 'cateres',
  2 => 'recBottom',
  3 => 'page',
  4 => 'articles',
  5 => 'getParents',
) ]
[ info ] [ LOG ] INIT File
[ sql ] [ DB ] CONNECT:[ UseTime:0.002000s ] mysql:dbname=tp5;host=127.0.0.1;charset=utf8
[ sql ] [ SQL ] SHOW COLUMNS FROM `tp_conf` [ RunTime:0.013001s ]
[ sql ] [ SQL ] SELECT `ename`,`value` FROM `tp_conf`  [ RunTime:0.000000s ]
[ sql ] [ DB ] CONNECT:[ UseTime:0.000000s ] mysql:dbname=tp5;host=127.0.0.1;charset=utf8
[ sql ] [ SQL ] SHOW COLUMNS FROM `tp_cate` [ RunTime:0.014001s ]
[ sql ] [ SQL ] SELECT * FROM `tp_cate` WHERE  `pid` = 0 ORDER BY sort desc   [ RunTime:0.000000s ]
[ sql ] [ DB ] CONNECT:[ UseTime:0.012000s ] mysql:dbname=tp5;host=127.0.0.1;charset=utf8
[ sql ] [ SQL ] SELECT * FROM `tp_cate` WHERE  `pid` = 6   [ RunTime:0.004001s ]
[ sql ] [ DB ] CONNECT:[ UseTime:0.002000s ] mysql:dbname=tp5;host=127.0.0.1;charset=utf8
[ sql ] [ SQL ] SELECT * FROM `tp_cate` WHERE  `pid` = 3   [ RunTime:0.002000s ]
[ sql ] [ DB ] CONNECT:[ UseTime:0.001000s ] mysql:dbname=tp5;host=127.0.0.1;charset=utf8
[ sql ] [ SQL ] SELECT * FROM `tp_cate` WHERE  `pid` = 9   [ RunTime:0.001000s ]
[ sql ] [ DB ] CONNECT:[ UseTime:0.001000s ] mysql:dbname=tp5;host=127.0.0.1;charset=utf8
[ sql ] [ SQL ] SELECT * FROM `tp_cate` WHERE  `pid` = 2   [ RunTime:0.000000s ]
[ sql ] [ DB ] CONNECT:[ UseTime:0.010001s ] mysql:dbname=tp5;host=127.0.0.1;charset=utf8
[ sql ] [ SQL ] SELECT * FROM `tp_cate` WHERE  `pid` = 1   [ RunTime:0.001000s ]
[ sql ] [ SQL ] SELECT * FROM `tp_cate` WHERE  `rec_bottom` = 1 ORDER BY id desc   [ RunTime:0.000000s ]
[ sql ] [ SQL ] SELECT * FROM `tp_cate`  [ RunTime:0.000000s ]
[ sql ] [ DB ] CONNECT:[ UseTime:0.000000s ] mysql:dbname=tp5;host=127.0.0.1;charset=utf8
[ sql ] [ SQL ] SHOW COLUMNS FROM `tp_article` [ RunTime:0.008001s ]
[ sql ] [ SQL ] SELECT COUNT(*) AS tp_count FROM `tp_article` WHERE  (  cateid IN(9) ) ORDER BY id desc LIMIT 1   [ RunTime:0.001000s ]
[ sql ] [ SQL ] SELECT * FROM `tp_article` WHERE  (  cateid IN(9) ) ORDER BY id desc LIMIT 0,8   [ RunTime:0.000000s ]
[ sql ] [ SQL ] SELECT `id`,`pid`,`catename` FROM `tp_cate`  [ RunTime:0.000000s ]
[ sql ] [ DB ] CONNECT:[ UseTime:0.001000s ] mysql:dbname=tp5;host=127.0.0.1;charset=utf8
[ sql ] [ SQL ] SELECT `id`,`pid`,`catename` FROM `tp_cate` WHERE  `id` = 9 LIMIT 1    [ RunTime:0.001000s ]

---------------------------------------------------------------
[ 2017-10-30T20:38:01+08:00 ] ::1 ::1 GET /qiye/public/static/index/style/jquery.error.js
[ log ] localhost/qiye/public/static/index/style/jquery.error.js [运行时间：0.059003s][吞吐率：16.95req/s] [内存消耗：1,121.49kb] [文件加载：40]
[ info ] [ LANG ] D:\phpStudy\PHPTutorial\WWW\qiye\thinkphp\lang\zh-cn.php
[ info ] [ ROUTE ] array (
  'type' => 'module',
  'module' => 
  array (
    0 => 'static',
    1 => 'index',
    2 => 'style',
  ),
)
[ info ] [ HEADER ] array (
  'connection' => 'close',
  'cookie' => 'bdshare_firstime=1497855369986',
  'referer' => 'http://localhost/qiye/public/index.php/index/imglist/index/cateid/9',
  'accept-encoding' => 'gzip, deflate',
  'accept-language' => 'zh-CN,zh;q=0.8,en-US;q=0.5,en;q=0.3',
  'accept' => '*/*',
  'user-agent' => 'Mozilla/5.0 (Windows NT 6.1; Win64; x64; rv:56.0) Gecko/20100101 Firefox/56.0',
  'host' => 'localhost',
)
[ info ] [ PARAM ] array (
)
[ info ] [ LOG ] INIT File

---------------------------------------------------------------
[ 2017-10-30T20:38:01+08:00 ] ::1 ::1 GET /qiye/public/static/index/style/jquery.error.js
[ log ] localhost/qiye/public/static/index/style/jquery.error.js [运行时间：0.035002s][吞吐率：28.57req/s] [内存消耗：1,121.49kb] [文件加载：40]
[ info ] [ LANG ] D:\phpStudy\PHPTutorial\WWW\qiye\thinkphp\lang\zh-cn.php
[ info ] [ ROUTE ] array (
  'type' => 'module',
  'module' => 
  array (
    0 => 'static',
    1 => 'index',
    2 => 'style',
  ),
)
[ info ] [ HEADER ] array (
  'connection' => 'close',
  'cookie' => 'bdshare_firstime=1497855369986',
  'referer' => 'http://localhost/qiye/public/index.php/index/imglist/index/cateid/9',
  'accept-encoding' => 'gzip, deflate',
  'accept-language' => 'zh-CN,zh;q=0.8,en-US;q=0.5,en;q=0.3',
  'accept' => '*/*',
  'user-agent' => 'Mozilla/5.0 (Windows NT 6.1; Win64; x64; rv:56.0) Gecko/20100101 Firefox/56.0',
  'host' => 'localhost',
)
[ info ] [ PARAM ] array (
)
[ info ] [ LOG ] INIT File

---------------------------------------------------------------
[ 2017-10-30T20:38:02+08:00 ] ::1 ::1 GET /qiye/public/static/index/style/jquery.form.js
[ log ] localhost/qiye/public/static/index/style/jquery.form.js [运行时间：0.028002s][吞吐率：35.71req/s] [内存消耗：1,121.49kb] [文件加载：40]
[ info ] [ LANG ] D:\phpStudy\PHPTutorial\WWW\qiye\thinkphp\lang\zh-cn.php
[ info ] [ ROUTE ] array (
  'type' => 'module',
  'module' => 
  array (
    0 => 'static',
    1 => 'index',
    2 => 'style',
  ),
)
[ info ] [ HEADER ] array (
  'connection' => 'close',
  'cookie' => 'bdshare_firstime=1497855369986',
  'referer' => 'http://localhost/qiye/public/index.php/index/imglist/index/cateid/9',
  'accept-encoding' => 'gzip, deflate',
  'accept-language' => 'zh-CN,zh;q=0.8,en-US;q=0.5,en;q=0.3',
  'accept' => '*/*',
  'user-agent' => 'Mozilla/5.0 (Windows NT 6.1; Win64; x64; rv:56.0) Gecko/20100101 Firefox/56.0',
  'host' => 'localhost',
)
[ info ] [ PARAM ] array (
)
[ info ] [ LOG ] INIT File

---------------------------------------------------------------
[ 2017-10-30T20:38:02+08:00 ] ::1 ::1 GET /qiye/public/index.php/index/index/index.html
[ log ] localhost/qiye/public/index.php/index/index/index.html [运行时间：0.097006s][吞吐率：10.31req/s] [内存消耗：2,703.22kb] [文件加载：60]
[ info ] [ LANG ] D:\phpStudy\PHPTutorial\WWW\qiye\thinkphp\lang\zh-cn.php
[ info ] [ ROUTE ] array (
  'type' => 'module',
  'module' => 
  array (
    0 => 'index',
    1 => 'index',
    2 => 'index',
  ),
)
[ info ] [ HEADER ] array (
  'upgrade-insecure-requests' => '1',
  'connection' => 'close',
  'cookie' => 'bdshare_firstime=1497855369986',
  'referer' => 'http://localhost/qiye/public/index.php/index/imglist/index/cateid/9',
  'accept-encoding' => 'gzip, deflate',
  'accept-language' => 'zh-CN,zh;q=0.8,en-US;q=0.5,en;q=0.3',
  'accept' => 'text/html,application/xhtml+xml,application/xml;q=0.9,*/*;q=0.8',
  'user-agent' => 'Mozilla/5.0 (Windows NT 6.1; Win64; x64; rv:56.0) Gecko/20100101 Firefox/56.0',
  'host' => 'localhost',
)
[ info ] [ PARAM ] array (
)
[ info ] [ DB ] INIT mysql
[ info ] [ DB ] INIT mysql
[ info ] [ DB ] INIT mysql
[ info ] [ DB ] INIT mysql
[ info ] [ DB ] INIT mysql
[ info ] [ DB ] INIT mysql
[ info ] [ DB ] INIT mysql
[ info ] [ RUN ] app\index\controller\Index->index[ D:\phpStudy\PHPTutorial\WWW\qiye\application\index\controller\Index.php ]
[ info ] [ DB ] INIT mysql
[ info ] [ DB ] INIT mysql
[ info ] [ DB ] INIT mysql
[ info ] [ VIEW ] D:\phpStudy\PHPTutorial\WWW\qiye\public/../application/index\view\index\index.html [ array (
  0 => 'confs',
  1 => 'cateres',
  2 => 'recBottom',
  3 => 'getIndexRecommend',
  4 => 'recommend',
  5 => 'indexHotArticles',
  6 => 'getNewArticles',
  7 => 'link',
) ]
[ info ] [ LOG ] INIT File
[ sql ] [ DB ] CONNECT:[ UseTime:0.001000s ] mysql:dbname=tp5;host=127.0.0.1;charset=utf8
[ sql ] [ SQL ] SHOW COLUMNS FROM `tp_conf` [ RunTime:0.008001s ]
[ sql ] [ SQL ] SELECT `ename`,`value` FROM `tp_conf`  [ RunTime:0.001000s ]
[ sql ] [ DB ] CONNECT:[ UseTime:0.001000s ] mysql:dbname=tp5;host=127.0.0.1;charset=utf8
[ sql ] [ SQL ] SHOW COLUMNS FROM `tp_cate` [ RunTime:0.009000s ]
[ sql ] [ SQL ] SELECT * FROM `tp_cate` WHERE  `pid` = 0 ORDER BY sort desc   [ RunTime:0.002000s ]
[ sql ] [ DB ] CONNECT:[ UseTime:0.001000s ] mysql:dbname=tp5;host=127.0.0.1;charset=utf8
[ sql ] [ SQL ] SELECT * FROM `tp_cate` WHERE  `pid` = 6   [ RunTime:0.001000s ]
[ sql ] [ DB ] CONNECT:[ UseTime:0.000000s ] mysql:dbname=tp5;host=127.0.0.1;charset=utf8
[ sql ] [ SQL ] SELECT * FROM `tp_cate` WHERE  `pid` = 3   [ RunTime:0.001000s ]
[ sql ] [ DB ] CONNECT:[ UseTime:0.001001s ] mysql:dbname=tp5;host=127.0.0.1;charset=utf8
[ sql ] [ SQL ] SELECT * FROM `tp_cate` WHERE  `pid` = 9   [ RunTime:0.000000s ]
[ sql ] [ DB ] CONNECT:[ UseTime:0.001000s ] mysql:dbname=tp5;host=127.0.0.1;charset=utf8
[ sql ] [ SQL ] SELECT * FROM `tp_cate` WHERE  `pid` = 2   [ RunTime:0.000000s ]
[ sql ] [ DB ] CONNECT:[ UseTime:0.001000s ] mysql:dbname=tp5;host=127.0.0.1;charset=utf8
[ sql ] [ SQL ] SELECT * FROM `tp_cate` WHERE  `pid` = 1   [ RunTime:0.000000s ]
[ sql ] [ SQL ] SELECT * FROM `tp_cate` WHERE  `rec_bottom` = 1 ORDER BY id desc   [ RunTime:0.001000s ]
[ sql ] [ DB ] CONNECT:[ UseTime:0.000000s ] mysql:dbname=tp5;host=127.0.0.1;charset=utf8
[ sql ] [ SQL ] SHOW COLUMNS FROM `tp_article` [ RunTime:0.011000s ]
[ sql ] [ SQL ] SELECT `a`.`id`,`a`.`title`,`a`.`thumb`,`a`.`desc`,`a`.`time`,`a`.`zan`,`a`.`click`,`b`.`catename` FROM `tp_article` `a` INNER JOIN `tp_cate` `b` ON `a`.`cateid`=`b`.`id` ORDER BY a.id desc LIMIT 10   [ RunTime:0.001001s ]
[ sql ] [ DB ] CONNECT:[ UseTime:0.002000s ] mysql:dbname=tp5;host=127.0.0.1;charset=utf8
[ sql ] [ SQL ] SHOW COLUMNS FROM `tp_link` [ RunTime:0.007000s ]
[ sql ] [ SQL ] SELECT * FROM `tp_link` ORDER BY sort desc  [ RunTime:0.001000s ]
[ sql ] [ DB ] CONNECT:[ UseTime:0.001000s ] mysql:dbname=tp5;host=127.0.0.1;charset=utf8
[ sql ] [ SQL ] SELECT `id`,`title`,`thumb` FROM `tp_article` ORDER BY click desc LIMIT 5   [ RunTime:0.000000s ]
[ sql ] [ SQL ] SELECT `id`,`title`,`thumb` FROM `tp_article` WHERE  `recommend` = 1 ORDER BY id desc LIMIT 4    [ RunTime:0.001000s ]
[ sql ] [ SQL ] SELECT * FROM `tp_cate` WHERE  `rec_index` = 1 ORDER BY id desc   [ RunTime:0.001000s ]

---------------------------------------------------------------
[ 2017-10-30T20:38:02+08:00 ] ::1 ::1 GET /qiye/public/static/index/style/jquery.error.js
[ log ] localhost/qiye/public/static/index/style/jquery.error.js [运行时间：0.035002s][吞吐率：28.57req/s] [内存消耗：1,121.48kb] [文件加载：40]
[ info ] [ LANG ] D:\phpStudy\PHPTutorial\WWW\qiye\thinkphp\lang\zh-cn.php
[ info ] [ ROUTE ] array (
  'type' => 'module',
  'module' => 
  array (
    0 => 'static',
    1 => 'index',
    2 => 'style',
  ),
)
[ info ] [ HEADER ] array (
  'connection' => 'close',
  'cookie' => 'bdshare_firstime=1497855369986',
  'referer' => 'http://localhost/qiye/public/index.php/index/index/index.html',
  'accept-encoding' => 'gzip, deflate',
  'accept-language' => 'zh-CN,zh;q=0.8,en-US;q=0.5,en;q=0.3',
  'accept' => '*/*',
  'user-agent' => 'Mozilla/5.0 (Windows NT 6.1; Win64; x64; rv:56.0) Gecko/20100101 Firefox/56.0',
  'host' => 'localhost',
)
[ info ] [ PARAM ] array (
)
[ info ] [ LOG ] INIT File

---------------------------------------------------------------
[ 2017-10-30T20:38:03+08:00 ] ::1 ::1 GET /qiye/public/static/index/style/jquery.error.js
[ log ] localhost/qiye/public/static/index/style/jquery.error.js [运行时间：0.027002s][吞吐率：37.03req/s] [内存消耗：1,121.48kb] [文件加载：40]
[ info ] [ LANG ] D:\phpStudy\PHPTutorial\WWW\qiye\thinkphp\lang\zh-cn.php
[ info ] [ ROUTE ] array (
  'type' => 'module',
  'module' => 
  array (
    0 => 'static',
    1 => 'index',
    2 => 'style',
  ),
)
[ info ] [ HEADER ] array (
  'connection' => 'close',
  'cookie' => 'bdshare_firstime=1497855369986',
  'referer' => 'http://localhost/qiye/public/index.php/index/index/index.html',
  'accept-encoding' => 'gzip, deflate',
  'accept-language' => 'zh-CN,zh;q=0.8,en-US;q=0.5,en;q=0.3',
  'accept' => '*/*',
  'user-agent' => 'Mozilla/5.0 (Windows NT 6.1; Win64; x64; rv:56.0) Gecko/20100101 Firefox/56.0',
  'host' => 'localhost',
)
[ info ] [ PARAM ] array (
)
[ info ] [ LOG ] INIT File

---------------------------------------------------------------
[ 2017-10-30T20:38:03+08:00 ] ::1 ::1 GET /qiye/public/static/index/style/jquery.form.js
[ log ] localhost/qiye/public/static/index/style/jquery.form.js [运行时间：0.051003s][吞吐率：19.61req/s] [内存消耗：1,121.48kb] [文件加载：40]
[ info ] [ LANG ] D:\phpStudy\PHPTutorial\WWW\qiye\thinkphp\lang\zh-cn.php
[ info ] [ ROUTE ] array (
  'type' => 'module',
  'module' => 
  array (
    0 => 'static',
    1 => 'index',
    2 => 'style',
  ),
)
[ info ] [ HEADER ] array (
  'connection' => 'close',
  'cookie' => 'bdshare_firstime=1497855369986',
  'referer' => 'http://localhost/qiye/public/index.php/index/index/index.html',
  'accept-encoding' => 'gzip, deflate',
  'accept-language' => 'zh-CN,zh;q=0.8,en-US;q=0.5,en;q=0.3',
  'accept' => '*/*',
  'user-agent' => 'Mozilla/5.0 (Windows NT 6.1; Win64; x64; rv:56.0) Gecko/20100101 Firefox/56.0',
  'host' => 'localhost',
)
[ info ] [ PARAM ] array (
)
[ info ] [ LOG ] INIT File

---------------------------------------------------------------
[ 2017-10-30T20:38:04+08:00 ] ::1 ::1 GET /qiye/public/static/index/images/loading.gif
[ log ] localhost/qiye/public/static/index/images/loading.gif [运行时间：0.033002s][吞吐率：30.30req/s] [内存消耗：1,121.48kb] [文件加载：40]
[ info ] [ LANG ] D:\phpStudy\PHPTutorial\WWW\qiye\thinkphp\lang\zh-cn.php
[ info ] [ ROUTE ] array (
  'type' => 'module',
  'module' => 
  array (
    0 => 'static',
    1 => 'index',
    2 => 'images',
  ),
)
[ info ] [ HEADER ] array (
  'connection' => 'close',
  'cookie' => 'bdshare_firstime=1497855369986',
  'referer' => 'http://localhost/qiye/public/static/index/style/style.css',
  'accept-encoding' => 'gzip, deflate',
  'accept-language' => 'zh-CN,zh;q=0.8,en-US;q=0.5,en;q=0.3',
  'accept' => '*/*',
  'user-agent' => 'Mozilla/5.0 (Windows NT 6.1; Win64; x64; rv:56.0) Gecko/20100101 Firefox/56.0',
  'host' => 'localhost',
)
[ info ] [ PARAM ] array (
)
[ info ] [ LOG ] INIT File

---------------------------------------------------------------
[ 2017-10-30T20:38:04+08:00 ] ::1 ::1 GET /qiye/public/static/index/images/sitemap-dot.gif
[ log ] localhost/qiye/public/static/index/images/sitemap-dot.gif [运行时间：0.044002s][吞吐率：22.73req/s] [内存消耗：1,121.48kb] [文件加载：40]
[ info ] [ LANG ] D:\phpStudy\PHPTutorial\WWW\qiye\thinkphp\lang\zh-cn.php
[ info ] [ ROUTE ] array (
  'type' => 'module',
  'module' => 
  array (
    0 => 'static',
    1 => 'index',
    2 => 'images',
  ),
)
[ info ] [ HEADER ] array (
  'connection' => 'close',
  'cookie' => 'bdshare_firstime=1497855369986',
  'referer' => 'http://localhost/qiye/public/static/index/style/style.css',
  'accept-encoding' => 'gzip, deflate',
  'accept-language' => 'zh-CN,zh;q=0.8,en-US;q=0.5,en;q=0.3',
  'accept' => '*/*',
  'user-agent' => 'Mozilla/5.0 (Windows NT 6.1; Win64; x64; rv:56.0) Gecko/20100101 Firefox/56.0',
  'host' => 'localhost',
)
[ info ] [ PARAM ] array (
)
[ info ] [ LOG ] INIT File

---------------------------------------------------------------
[ 2017-10-30T20:38:05+08:00 ] ::1 ::1 GET /qiye/public/static/index/images/focus-bg2.png
[ log ] localhost/qiye/public/static/index/images/focus-bg2.png [运行时间：0.026001s][吞吐率：38.46req/s] [内存消耗：1,121.48kb] [文件加载：40]
[ info ] [ LANG ] D:\phpStudy\PHPTutorial\WWW\qiye\thinkphp\lang\zh-cn.php
[ info ] [ ROUTE ] array (
  'type' => 'module',
  'module' => 
  array (
    0 => 'static',
    1 => 'index',
    2 => 'images',
  ),
)
[ info ] [ HEADER ] array (
  'connection' => 'close',
  'cookie' => 'bdshare_firstime=1497855369986',
  'referer' => 'http://localhost/qiye/public/static/index/style/style.css',
  'accept-encoding' => 'gzip, deflate',
  'accept-language' => 'zh-CN,zh;q=0.8,en-US;q=0.5,en;q=0.3',
  'accept' => '*/*',
  'user-agent' => 'Mozilla/5.0 (Windows NT 6.1; Win64; x64; rv:56.0) Gecko/20100101 Firefox/56.0',
  'host' => 'localhost',
)
[ info ] [ PARAM ] array (
)
[ info ] [ LOG ] INIT File

---------------------------------------------------------------
[ 2017-10-30T20:38:05+08:00 ] ::1 ::1 GET /qiye/public/static/index/images/xh_area_title_h3.png
[ log ] localhost/qiye/public/static/index/images/xh_area_title_h3.png [运行时间：0.025002s][吞吐率：40.00req/s] [内存消耗：1,121.48kb] [文件加载：40]
[ info ] [ LANG ] D:\phpStudy\PHPTutorial\WWW\qiye\thinkphp\lang\zh-cn.php
[ info ] [ ROUTE ] array (
  'type' => 'module',
  'module' => 
  array (
    0 => 'static',
    1 => 'index',
    2 => 'images',
  ),
)
[ info ] [ HEADER ] array (
  'connection' => 'close',
  'cookie' => 'bdshare_firstime=1497855369986',
  'referer' => 'http://localhost/qiye/public/static/index/style/style.css',
  'accept-encoding' => 'gzip, deflate',
  'accept-language' => 'zh-CN,zh;q=0.8,en-US;q=0.5,en;q=0.3',
  'accept' => '*/*',
  'user-agent' => 'Mozilla/5.0 (Windows NT 6.1; Win64; x64; rv:56.0) Gecko/20100101 Firefox/56.0',
  'host' => 'localhost',
)
[ info ] [ PARAM ] array (
)
[ info ] [ LOG ] INIT File

---------------------------------------------------------------
[ 2017-10-30T20:38:06+08:00 ] ::1 ::1 GET /qiye/public/static/index/images/scroll.png
[ log ] localhost/qiye/public/static/index/images/scroll.png [运行时间：0.029001s][吞吐率：34.48req/s] [内存消耗：1,121.48kb] [文件加载：40]
[ info ] [ LANG ] D:\phpStudy\PHPTutorial\WWW\qiye\thinkphp\lang\zh-cn.php
[ info ] [ ROUTE ] array (
  'type' => 'module',
  'module' => 
  array (
    0 => 'static',
    1 => 'index',
    2 => 'images',
  ),
)
[ info ] [ HEADER ] array (
  'connection' => 'close',
  'cookie' => 'bdshare_firstime=1497855369986',
  'referer' => 'http://localhost/qiye/public/static/index/style/style.css',
  'accept-encoding' => 'gzip, deflate',
  'accept-language' => 'zh-CN,zh;q=0.8,en-US;q=0.5,en;q=0.3',
  'accept' => '*/*',
  'user-agent' => 'Mozilla/5.0 (Windows NT 6.1; Win64; x64; rv:56.0) Gecko/20100101 Firefox/56.0',
  'host' => 'localhost',
)
[ info ] [ PARAM ] array (
)
[ info ] [ LOG ] INIT File

---------------------------------------------------------------
[ 2017-10-30T20:38:11+08:00 ] ::1 ::1 GET /qiye/public/index.php/index/article/index/artid/4.html
[ log ] localhost/qiye/public/index.php/index/article/index/artid/4.html [运行时间：0.234013s][吞吐率：4.27req/s] [内存消耗：3,533.25kb] [文件加载：65]
[ info ] [ LANG ] D:\phpStudy\PHPTutorial\WWW\qiye\thinkphp\lang\zh-cn.php
[ info ] [ ROUTE ] array (
  'type' => 'module',
  'module' => 
  array (
    0 => 'index',
    1 => 'article',
    2 => 'index',
  ),
)
[ info ] [ HEADER ] array (
  'upgrade-insecure-requests' => '1',
  'connection' => 'close',
  'cookie' => 'bdshare_firstime=1497855369986',
  'referer' => 'http://localhost/qiye/public/index.php/index/index/index.html',
  'accept-encoding' => 'gzip, deflate',
  'accept-language' => 'zh-CN,zh;q=0.8,en-US;q=0.5,en;q=0.3',
  'accept' => 'text/html,application/xhtml+xml,application/xml;q=0.9,*/*;q=0.8',
  'user-agent' => 'Mozilla/5.0 (Windows NT 6.1; Win64; x64; rv:56.0) Gecko/20100101 Firefox/56.0',
  'host' => 'localhost',
)
[ info ] [ PARAM ] array (
  'artid' => '4',
)
[ info ] [ DB ] INIT mysql
[ info ] [ DB ] INIT mysql
[ info ] [ DB ] INIT mysql
[ info ] [ DB ] INIT mysql
[ info ] [ DB ] INIT mysql
[ info ] [ DB ] INIT mysql
[ info ] [ DB ] INIT mysql
[ info ] [ RUN ] app\index\controller\Article->index[ D:\phpStudy\PHPTutorial\WWW\qiye\application\index\controller\Article.php ]
[ info ] [ DB ] INIT mysql
[ info ] [ DB ] INIT mysql
[ info ] [ DB ] INIT mysql
[ info ] [ CACHE ] INIT File
[ info ] [ DB ] INIT mysql
[ info ] [ DB ] INIT mysql
[ info ] [ VIEW ] D:\phpStudy\PHPTutorial\WWW\qiye\public/../application/index\view\article\index.html [ array (
  0 => 'confs',
  1 => 'cateres',
  2 => 'recBottom',
  3 => 'getParents',
  4 => 'hotArticles',
  5 => 'articles',
) ]
[ info ] [ LOG ] INIT File
[ sql ] [ DB ] CONNECT:[ UseTime:0.012000s ] mysql:dbname=tp5;host=127.0.0.1;charset=utf8
[ sql ] [ SQL ] SHOW COLUMNS FROM `tp_conf` [ RunTime:0.009001s ]
[ sql ] [ SQL ] SELECT `ename`,`value` FROM `tp_conf`  [ RunTime:0.000000s ]
[ sql ] [ DB ] CONNECT:[ UseTime:0.001000s ] mysql:dbname=tp5;host=127.0.0.1;charset=utf8
[ sql ] [ SQL ] SHOW COLUMNS FROM `tp_cate` [ RunTime:0.010000s ]
[ sql ] [ SQL ] SELECT * FROM `tp_cate` WHERE  `pid` = 0 ORDER BY sort desc   [ RunTime:0.001000s ]
[ sql ] [ DB ] CONNECT:[ UseTime:0.001001s ] mysql:dbname=tp5;host=127.0.0.1;charset=utf8
[ sql ] [ SQL ] SELECT * FROM `tp_cate` WHERE  `pid` = 6   [ RunTime:0.000000s ]
[ sql ] [ DB ] CONNECT:[ UseTime:0.010000s ] mysql:dbname=tp5;host=127.0.0.1;charset=utf8
[ sql ] [ SQL ] SELECT * FROM `tp_cate` WHERE  `pid` = 3   [ RunTime:0.000000s ]
[ sql ] [ DB ] CONNECT:[ UseTime:0.001000s ] mysql:dbname=tp5;host=127.0.0.1;charset=utf8
[ sql ] [ SQL ] SELECT * FROM `tp_cate` WHERE  `pid` = 9   [ RunTime:0.001000s ]
[ sql ] [ DB ] CONNECT:[ UseTime:0.000000s ] mysql:dbname=tp5;host=127.0.0.1;charset=utf8
[ sql ] [ SQL ] SELECT * FROM `tp_cate` WHERE  `pid` = 2   [ RunTime:0.001000s ]
[ sql ] [ DB ] CONNECT:[ UseTime:0.000000s ] mysql:dbname=tp5;host=127.0.0.1;charset=utf8
[ sql ] [ SQL ] SELECT * FROM `tp_cate` WHERE  `pid` = 1   [ RunTime:0.001000s ]
[ sql ] [ SQL ] SELECT * FROM `tp_cate` WHERE  `rec_bottom` = 1 ORDER BY id desc   [ RunTime:0.001000s ]
[ sql ] [ DB ] CONNECT:[ UseTime:0.001001s ] mysql:dbname=tp5;host=127.0.0.1;charset=utf8
[ sql ] [ SQL ] SHOW COLUMNS FROM `tp_article` [ RunTime:0.009000s ]
[ sql ] [ SQL ] SELECT `cateid` FROM `tp_article` WHERE  `id` = 4 LIMIT 1    [ RunTime:0.000000s ]
[ sql ] [ SQL ] SELECT `id`,`pid`,`catename` FROM `tp_cate`  [ RunTime:0.001000s ]
[ sql ] [ DB ] CONNECT:[ UseTime:0.001000s ] mysql:dbname=tp5;host=127.0.0.1;charset=utf8
[ sql ] [ SQL ] SELECT `id`,`pid`,`catename` FROM `tp_cate` WHERE  `id` = 5 LIMIT 1    [ RunTime:0.000000s ]
[ sql ] [ DB ] CONNECT:[ UseTime:0.001000s ] mysql:dbname=tp5;host=127.0.0.1;charset=utf8
[ sql ] [ SQL ] UPDATE `tp_article`  SET `click`=click+1  WHERE  `id` = 4    [ RunTime:0.000000s ]
[ sql ] [ DB ] CONNECT:[ UseTime:0.011000s ] mysql:dbname=tp5;host=127.0.0.1;charset=utf8
[ sql ] [ SQL ] SELECT * FROM `tp_article` WHERE  `id` = 4 LIMIT 1    [ RunTime:0.001000s ]
[ sql ] [ SQL ] SELECT * FROM `tp_cate`  [ RunTime:0.001001s ]
[ sql ] [ DB ] CONNECT:[ UseTime:0.010000s ] mysql:dbname=tp5;host=127.0.0.1;charset=utf8
[ sql ] [ SQL ] SELECT * FROM `tp_article` WHERE  (  cateid IN(1,2,3,4,5,6,7,8,9,5) ) ORDER BY click desc LIMIT 5   [ RunTime:0.003000s ]

---------------------------------------------------------------
[ 2017-10-30T20:38:11+08:00 ] ::1 ::1 GET /qiye/public/static/index/style/jquery.error.js
[ log ] localhost/qiye/public/static/index/style/jquery.error.js [运行时间：0.040002s][吞吐率：25.00req/s] [内存消耗：1,121.55kb] [文件加载：40]
[ info ] [ LANG ] D:\phpStudy\PHPTutorial\WWW\qiye\thinkphp\lang\zh-cn.php
[ info ] [ ROUTE ] array (
  'type' => 'module',
  'module' => 
  array (
    0 => 'static',
    1 => 'index',
    2 => 'style',
  ),
)
[ info ] [ HEADER ] array (
  'connection' => 'close',
  'cookie' => 'bdshare_firstime=1497855369986',
  'referer' => 'http://localhost/qiye/public/index.php/index/article/index/artid/4.html',
  'accept-encoding' => 'gzip, deflate',
  'accept-language' => 'zh-CN,zh;q=0.8,en-US;q=0.5,en;q=0.3',
  'accept' => '*/*',
  'user-agent' => 'Mozilla/5.0 (Windows NT 6.1; Win64; x64; rv:56.0) Gecko/20100101 Firefox/56.0',
  'host' => 'localhost',
)
[ info ] [ PARAM ] array (
)
[ info ] [ LOG ] INIT File

---------------------------------------------------------------
[ 2017-10-30T20:38:11+08:00 ] ::1 ::1 GET /qiye/public/static/index/style/jquery.form.js
[ log ] localhost/qiye/public/static/index/style/jquery.form.js [运行时间：0.041003s][吞吐率：24.39req/s] [内存消耗：1,121.55kb] [文件加载：40]
[ info ] [ LANG ] D:\phpStudy\PHPTutorial\WWW\qiye\thinkphp\lang\zh-cn.php
[ info ] [ ROUTE ] array (
  'type' => 'module',
  'module' => 
  array (
    0 => 'static',
    1 => 'index',
    2 => 'style',
  ),
)
[ info ] [ HEADER ] array (
  'connection' => 'close',
  'cookie' => 'bdshare_firstime=1497855369986',
  'referer' => 'http://localhost/qiye/public/index.php/index/article/index/artid/4.html',
  'accept-encoding' => 'gzip, deflate',
  'accept-language' => 'zh-CN,zh;q=0.8,en-US;q=0.5,en;q=0.3',
  'accept' => '*/*',
  'user-agent' => 'Mozilla/5.0 (Windows NT 6.1; Win64; x64; rv:56.0) Gecko/20100101 Firefox/56.0',
  'host' => 'localhost',
)
[ info ] [ PARAM ] array (
)
[ info ] [ LOG ] INIT File

---------------------------------------------------------------
[ 2017-10-30T20:38:11+08:00 ] ::1 ::1 GET /qiye/public/static/index/include/dedeajax2.js
[ log ] localhost/qiye/public/static/index/include/dedeajax2.js [运行时间：0.053003s][吞吐率：18.87req/s] [内存消耗：1,121.55kb] [文件加载：40]
[ info ] [ LANG ] D:\phpStudy\PHPTutorial\WWW\qiye\thinkphp\lang\zh-cn.php
[ info ] [ ROUTE ] array (
  'type' => 'module',
  'module' => 
  array (
    0 => 'static',
    1 => 'index',
    2 => 'include',
  ),
)
[ info ] [ HEADER ] array (
  'connection' => 'close',
  'cookie' => 'bdshare_firstime=1497855369986',
  'referer' => 'http://localhost/qiye/public/index.php/index/article/index/artid/4.html',
  'accept-encoding' => 'gzip, deflate',
  'accept-language' => 'zh-CN,zh;q=0.8,en-US;q=0.5,en;q=0.3',
  'accept' => '*/*',
  'user-agent' => 'Mozilla/5.0 (Windows NT 6.1; Win64; x64; rv:56.0) Gecko/20100101 Firefox/56.0',
  'host' => 'localhost',
)
[ info ] [ PARAM ] array (
)
[ info ] [ LOG ] INIT File

---------------------------------------------------------------
[ 2017-10-30T20:38:14+08:00 ] ::1 ::1 GET /qiye/public/static/index/style/jquery.error.js
[ log ] localhost/qiye/public/static/index/style/jquery.error.js [运行时间：0.030002s][吞吐率：33.33req/s] [内存消耗：1,121.55kb] [文件加载：40]
[ info ] [ LANG ] D:\phpStudy\PHPTutorial\WWW\qiye\thinkphp\lang\zh-cn.php
[ info ] [ ROUTE ] array (
  'type' => 'module',
  'module' => 
  array (
    0 => 'static',
    1 => 'index',
    2 => 'style',
  ),
)
[ info ] [ HEADER ] array (
  'connection' => 'close',
  'cookie' => 'bdshare_firstime=1497855369986',
  'referer' => 'http://localhost/qiye/public/index.php/index/article/index/artid/4.html',
  'accept-encoding' => 'gzip, deflate',
  'accept-language' => 'zh-CN,zh;q=0.8,en-US;q=0.5,en;q=0.3',
  'accept' => '*/*',
  'user-agent' => 'Mozilla/5.0 (Windows NT 6.1; Win64; x64; rv:56.0) Gecko/20100101 Firefox/56.0',
  'host' => 'localhost',
)
[ info ] [ PARAM ] array (
)
[ info ] [ LOG ] INIT File

---------------------------------------------------------------
[ 2017-10-30T20:38:14+08:00 ] ::1 ::1 GET /qiye/public/static/index/style/jquery.form.js
[ log ] localhost/qiye/public/static/index/style/jquery.form.js [运行时间：0.018001s][吞吐率：55.55req/s] [内存消耗：1,121.55kb] [文件加载：40]
[ info ] [ LANG ] D:\phpStudy\PHPTutorial\WWW\qiye\thinkphp\lang\zh-cn.php
[ info ] [ ROUTE ] array (
  'type' => 'module',
  'module' => 
  array (
    0 => 'static',
    1 => 'index',
    2 => 'style',
  ),
)
[ info ] [ HEADER ] array (
  'connection' => 'close',
  'cookie' => 'bdshare_firstime=1497855369986',
  'referer' => 'http://localhost/qiye/public/index.php/index/article/index/artid/4.html',
  'accept-encoding' => 'gzip, deflate',
  'accept-language' => 'zh-CN,zh;q=0.8,en-US;q=0.5,en;q=0.3',
  'accept' => '*/*',
  'user-agent' => 'Mozilla/5.0 (Windows NT 6.1; Win64; x64; rv:56.0) Gecko/20100101 Firefox/56.0',
  'host' => 'localhost',
)
[ info ] [ PARAM ] array (
)
[ info ] [ LOG ] INIT File

---------------------------------------------------------------
[ 2017-10-30T20:38:14+08:00 ] ::1 ::1 GET /qiye/public/static/index/include/dedeajax2.js
[ log ] localhost/qiye/public/static/index/include/dedeajax2.js [运行时间：0.020002s][吞吐率：49.99req/s] [内存消耗：1,121.55kb] [文件加载：40]
[ info ] [ LANG ] D:\phpStudy\PHPTutorial\WWW\qiye\thinkphp\lang\zh-cn.php
[ info ] [ ROUTE ] array (
  'type' => 'module',
  'module' => 
  array (
    0 => 'static',
    1 => 'index',
    2 => 'include',
  ),
)
[ info ] [ HEADER ] array (
  'connection' => 'close',
  'cookie' => 'bdshare_firstime=1497855369986',
  'referer' => 'http://localhost/qiye/public/index.php/index/article/index/artid/4.html',
  'accept-encoding' => 'gzip, deflate',
  'accept-language' => 'zh-CN,zh;q=0.8,en-US;q=0.5,en;q=0.3',
  'accept' => '*/*',
  'user-agent' => 'Mozilla/5.0 (Windows NT 6.1; Win64; x64; rv:56.0) Gecko/20100101 Firefox/56.0',
  'host' => 'localhost',
)
[ info ] [ PARAM ] array (
)
[ info ] [ LOG ] INIT File

---------------------------------------------------------------
[ 2017-10-30T20:38:15+08:00 ] ::1 ::1 GET /qiye/public/static/index/images/scroll.png
[ log ] localhost/qiye/public/static/index/images/scroll.png [运行时间：0.035002s][吞吐率：28.57req/s] [内存消耗：1,121.48kb] [文件加载：40]
[ info ] [ LANG ] D:\phpStudy\PHPTutorial\WWW\qiye\thinkphp\lang\zh-cn.php
[ info ] [ ROUTE ] array (
  'type' => 'module',
  'module' => 
  array (
    0 => 'static',
    1 => 'index',
    2 => 'images',
  ),
)
[ info ] [ HEADER ] array (
  'connection' => 'close',
  'cookie' => 'bdshare_firstime=1497855369986',
  'referer' => 'http://localhost/qiye/public/static/index/style/style.css',
  'accept-encoding' => 'gzip, deflate',
  'accept-language' => 'zh-CN,zh;q=0.8,en-US;q=0.5,en;q=0.3',
  'accept' => '*/*',
  'user-agent' => 'Mozilla/5.0 (Windows NT 6.1; Win64; x64; rv:56.0) Gecko/20100101 Firefox/56.0',
  'host' => 'localhost',
)
[ info ] [ PARAM ] array (
)
[ info ] [ LOG ] INIT File

---------------------------------------------------------------
[ 2017-10-30T20:38:42+08:00 ] ::1 ::1 GET /qiye/public/index.php/index/index/index.html
[ log ] localhost/qiye/public/index.php/index/index/index.html [运行时间：0.127007s][吞吐率：7.87req/s] [内存消耗：2,703.22kb] [文件加载：60]
[ info ] [ LANG ] D:\phpStudy\PHPTutorial\WWW\qiye\thinkphp\lang\zh-cn.php
[ info ] [ ROUTE ] array (
  'type' => 'module',
  'module' => 
  array (
    0 => 'index',
    1 => 'index',
    2 => 'index',
  ),
)
[ info ] [ HEADER ] array (
  'upgrade-insecure-requests' => '1',
  'connection' => 'close',
  'cookie' => 'bdshare_firstime=1497855369986',
  'referer' => 'http://localhost/qiye/public/index.php/index/article/index/artid/4.html',
  'accept-encoding' => 'gzip, deflate',
  'accept-language' => 'zh-CN,zh;q=0.8,en-US;q=0.5,en;q=0.3',
  'accept' => 'text/html,application/xhtml+xml,application/xml;q=0.9,*/*;q=0.8',
  'user-agent' => 'Mozilla/5.0 (Windows NT 6.1; Win64; x64; rv:56.0) Gecko/20100101 Firefox/56.0',
  'host' => 'localhost',
)
[ info ] [ PARAM ] array (
)
[ info ] [ DB ] INIT mysql
[ info ] [ DB ] INIT mysql
[ info ] [ DB ] INIT mysql
[ info ] [ DB ] INIT mysql
[ info ] [ DB ] INIT mysql
[ info ] [ DB ] INIT mysql
[ info ] [ DB ] INIT mysql
[ info ] [ RUN ] app\index\controller\Index->index[ D:\phpStudy\PHPTutorial\WWW\qiye\application\index\controller\Index.php ]
[ info ] [ DB ] INIT mysql
[ info ] [ DB ] INIT mysql
[ info ] [ DB ] INIT mysql
[ info ] [ VIEW ] D:\phpStudy\PHPTutorial\WWW\qiye\public/../application/index\view\index\index.html [ array (
  0 => 'confs',
  1 => 'cateres',
  2 => 'recBottom',
  3 => 'getIndexRecommend',
  4 => 'recommend',
  5 => 'indexHotArticles',
  6 => 'getNewArticles',
  7 => 'link',
) ]
[ info ] [ LOG ] INIT File
[ sql ] [ DB ] CONNECT:[ UseTime:0.001000s ] mysql:dbname=tp5;host=127.0.0.1;charset=utf8
[ sql ] [ SQL ] SHOW COLUMNS FROM `tp_conf` [ RunTime:0.012001s ]
[ sql ] [ SQL ] SELECT `ename`,`value` FROM `tp_conf`  [ RunTime:0.001000s ]
[ sql ] [ DB ] CONNECT:[ UseTime:0.011000s ] mysql:dbname=tp5;host=127.0.0.1;charset=utf8
[ sql ] [ SQL ] SHOW COLUMNS FROM `tp_cate` [ RunTime:0.010001s ]
[ sql ] [ SQL ] SELECT * FROM `tp_cate` WHERE  `pid` = 0 ORDER BY sort desc   [ RunTime:0.000000s ]
[ sql ] [ DB ] CONNECT:[ UseTime:0.001000s ] mysql:dbname=tp5;host=127.0.0.1;charset=utf8
[ sql ] [ SQL ] SELECT * FROM `tp_cate` WHERE  `pid` = 6   [ RunTime:0.001000s ]
[ sql ] [ DB ] CONNECT:[ UseTime:0.001000s ] mysql:dbname=tp5;host=127.0.0.1;charset=utf8
[ sql ] [ SQL ] SELECT * FROM `tp_cate` WHERE  `pid` = 3   [ RunTime:0.000000s ]
[ sql ] [ DB ] CONNECT:[ UseTime:0.010001s ] mysql:dbname=tp5;host=127.0.0.1;charset=utf8
[ sql ] [ SQL ] SELECT * FROM `tp_cate` WHERE  `pid` = 9   [ RunTime:0.001000s ]
[ sql ] [ DB ] CONNECT:[ UseTime:0.000000s ] mysql:dbname=tp5;host=127.0.0.1;charset=utf8
[ sql ] [ SQL ] SELECT * FROM `tp_cate` WHERE  `pid` = 2   [ RunTime:0.000000s ]
[ sql ] [ DB ] CONNECT:[ UseTime:0.001000s ] mysql:dbname=tp5;host=127.0.0.1;charset=utf8
[ sql ] [ SQL ] SELECT * FROM `tp_cate` WHERE  `pid` = 1   [ RunTime:0.000000s ]
[ sql ] [ SQL ] SELECT * FROM `tp_cate` WHERE  `rec_bottom` = 1 ORDER BY id desc   [ RunTime:0.000000s ]
[ sql ] [ DB ] CONNECT:[ UseTime:0.001000s ] mysql:dbname=tp5;host=127.0.0.1;charset=utf8
[ sql ] [ SQL ] SHOW COLUMNS FROM `tp_article` [ RunTime:0.009001s ]
[ sql ] [ SQL ] SELECT `a`.`id`,`a`.`title`,`a`.`thumb`,`a`.`desc`,`a`.`time`,`a`.`zan`,`a`.`click`,`b`.`catename` FROM `tp_article` `a` INNER JOIN `tp_cate` `b` ON `a`.`cateid`=`b`.`id` ORDER BY a.id desc LIMIT 10   [ RunTime:0.000000s ]
[ sql ] [ DB ] CONNECT:[ UseTime:0.000000s ] mysql:dbname=tp5;host=127.0.0.1;charset=utf8
[ sql ] [ SQL ] SHOW COLUMNS FROM `tp_link` [ RunTime:0.008000s ]
[ sql ] [ SQL ] SELECT * FROM `tp_link` ORDER BY sort desc  [ RunTime:0.000000s ]
[ sql ] [ DB ] CONNECT:[ UseTime:0.001000s ] mysql:dbname=tp5;host=127.0.0.1;charset=utf8
[ sql ] [ SQL ] SELECT `id`,`title`,`thumb` FROM `tp_article` ORDER BY click desc LIMIT 5   [ RunTime:0.001000s ]
[ sql ] [ SQL ] SELECT `id`,`title`,`thumb` FROM `tp_article` WHERE  `recommend` = 1 ORDER BY id desc LIMIT 4    [ RunTime:0.001000s ]
[ sql ] [ SQL ] SELECT * FROM `tp_cate` WHERE  `rec_index` = 1 ORDER BY id desc   [ RunTime:0.001000s ]

---------------------------------------------------------------
[ 2017-10-30T20:38:42+08:00 ] ::1 ::1 GET /qiye/public/static/index/style/jquery.error.js
[ log ] localhost/qiye/public/static/index/style/jquery.error.js [运行时间：0.035002s][吞吐率：28.57req/s] [内存消耗：1,121.48kb] [文件加载：40]
[ info ] [ LANG ] D:\phpStudy\PHPTutorial\WWW\qiye\thinkphp\lang\zh-cn.php
[ info ] [ ROUTE ] array (
  'type' => 'module',
  'module' => 
  array (
    0 => 'static',
    1 => 'index',
    2 => 'style',
  ),
)
[ info ] [ HEADER ] array (
  'connection' => 'close',
  'cookie' => 'bdshare_firstime=1497855369986',
  'referer' => 'http://localhost/qiye/public/index.php/index/index/index.html',
  'accept-encoding' => 'gzip, deflate',
  'accept-language' => 'zh-CN,zh;q=0.8,en-US;q=0.5,en;q=0.3',
  'accept' => '*/*',
  'user-agent' => 'Mozilla/5.0 (Windows NT 6.1; Win64; x64; rv:56.0) Gecko/20100101 Firefox/56.0',
  'host' => 'localhost',
)
[ info ] [ PARAM ] array (
)
[ info ] [ LOG ] INIT File

---------------------------------------------------------------
[ 2017-10-30T20:38:42+08:00 ] ::1 ::1 GET /qiye/public/static/index/style/jquery.form.js
[ log ] localhost/qiye/public/static/index/style/jquery.form.js [运行时间：0.035002s][吞吐率：28.57req/s] [内存消耗：1,121.48kb] [文件加载：40]
[ info ] [ LANG ] D:\phpStudy\PHPTutorial\WWW\qiye\thinkphp\lang\zh-cn.php
[ info ] [ ROUTE ] array (
  'type' => 'module',
  'module' => 
  array (
    0 => 'static',
    1 => 'index',
    2 => 'style',
  ),
)
[ info ] [ HEADER ] array (
  'connection' => 'close',
  'cookie' => 'bdshare_firstime=1497855369986',
  'referer' => 'http://localhost/qiye/public/index.php/index/index/index.html',
  'accept-encoding' => 'gzip, deflate',
  'accept-language' => 'zh-CN,zh;q=0.8,en-US;q=0.5,en;q=0.3',
  'accept' => '*/*',
  'user-agent' => 'Mozilla/5.0 (Windows NT 6.1; Win64; x64; rv:56.0) Gecko/20100101 Firefox/56.0',
  'host' => 'localhost',
)
[ info ] [ PARAM ] array (
)
[ info ] [ LOG ] INIT File

---------------------------------------------------------------
[ 2017-10-30T20:38:43+08:00 ] ::1 ::1 GET /qiye/public/static/index/style/jquery.error.js
[ log ] localhost/qiye/public/static/index/style/jquery.error.js [运行时间：0.020001s][吞吐率：50.00req/s] [内存消耗：1,121.48kb] [文件加载：40]
[ info ] [ LANG ] D:\phpStudy\PHPTutorial\WWW\qiye\thinkphp\lang\zh-cn.php
[ info ] [ ROUTE ] array (
  'type' => 'module',
  'module' => 
  array (
    0 => 'static',
    1 => 'index',
    2 => 'style',
  ),
)
[ info ] [ HEADER ] array (
  'connection' => 'close',
  'cookie' => 'bdshare_firstime=1497855369986',
  'referer' => 'http://localhost/qiye/public/index.php/index/index/index.html',
  'accept-encoding' => 'gzip, deflate',
  'accept-language' => 'zh-CN,zh;q=0.8,en-US;q=0.5,en;q=0.3',
  'accept' => '*/*',
  'user-agent' => 'Mozilla/5.0 (Windows NT 6.1; Win64; x64; rv:56.0) Gecko/20100101 Firefox/56.0',
  'host' => 'localhost',
)
[ info ] [ PARAM ] array (
)
[ info ] [ LOG ] INIT File

---------------------------------------------------------------
[ 2017-10-30T20:38:43+08:00 ] ::1 ::1 GET /qiye/public/static/index/style/jquery.form.js
[ log ] localhost/qiye/public/static/index/style/jquery.form.js [运行时间：0.021002s][吞吐率：47.61req/s] [内存消耗：1,121.48kb] [文件加载：40]
[ info ] [ LANG ] D:\phpStudy\PHPTutorial\WWW\qiye\thinkphp\lang\zh-cn.php
[ info ] [ ROUTE ] array (
  'type' => 'module',
  'module' => 
  array (
    0 => 'static',
    1 => 'index',
    2 => 'style',
  ),
)
[ info ] [ HEADER ] array (
  'connection' => 'close',
  'cookie' => 'bdshare_firstime=1497855369986',
  'referer' => 'http://localhost/qiye/public/index.php/index/index/index.html',
  'accept-encoding' => 'gzip, deflate',
  'accept-language' => 'zh-CN,zh;q=0.8,en-US;q=0.5,en;q=0.3',
  'accept' => '*/*',
  'user-agent' => 'Mozilla/5.0 (Windows NT 6.1; Win64; x64; rv:56.0) Gecko/20100101 Firefox/56.0',
  'host' => 'localhost',
)
[ info ] [ PARAM ] array (
)
[ info ] [ LOG ] INIT File

---------------------------------------------------------------
[ 2017-10-30T20:38:43+08:00 ] ::1 ::1 GET /qiye/public/static/index/images/loading.gif
[ log ] localhost/qiye/public/static/index/images/loading.gif [运行时间：0.034002s][吞吐率：29.41req/s] [内存消耗：1,121.48kb] [文件加载：40]
[ info ] [ LANG ] D:\phpStudy\PHPTutorial\WWW\qiye\thinkphp\lang\zh-cn.php
[ info ] [ ROUTE ] array (
  'type' => 'module',
  'module' => 
  array (
    0 => 'static',
    1 => 'index',
    2 => 'images',
  ),
)
[ info ] [ HEADER ] array (
  'connection' => 'close',
  'cookie' => 'bdshare_firstime=1497855369986',
  'referer' => 'http://localhost/qiye/public/static/index/style/style.css',
  'accept-encoding' => 'gzip, deflate',
  'accept-language' => 'zh-CN,zh;q=0.8,en-US;q=0.5,en;q=0.3',
  'accept' => '*/*',
  'user-agent' => 'Mozilla/5.0 (Windows NT 6.1; Win64; x64; rv:56.0) Gecko/20100101 Firefox/56.0',
  'host' => 'localhost',
)
[ info ] [ PARAM ] array (
)
[ info ] [ LOG ] INIT File

---------------------------------------------------------------
[ 2017-10-30T20:38:43+08:00 ] ::1 ::1 GET /qiye/public/static/index/images/focus-bg2.png
[ log ] localhost/qiye/public/static/index/images/focus-bg2.png [运行时间：0.042002s][吞吐率：23.81req/s] [内存消耗：1,121.48kb] [文件加载：40]
[ info ] [ LANG ] D:\phpStudy\PHPTutorial\WWW\qiye\thinkphp\lang\zh-cn.php
[ info ] [ ROUTE ] array (
  'type' => 'module',
  'module' => 
  array (
    0 => 'static',
    1 => 'index',
    2 => 'images',
  ),
)
[ info ] [ HEADER ] array (
  'connection' => 'close',
  'cookie' => 'bdshare_firstime=1497855369986',
  'referer' => 'http://localhost/qiye/public/static/index/style/style.css',
  'accept-encoding' => 'gzip, deflate',
  'accept-language' => 'zh-CN,zh;q=0.8,en-US;q=0.5,en;q=0.3',
  'accept' => '*/*',
  'user-agent' => 'Mozilla/5.0 (Windows NT 6.1; Win64; x64; rv:56.0) Gecko/20100101 Firefox/56.0',
  'host' => 'localhost',
)
[ info ] [ PARAM ] array (
)
[ info ] [ LOG ] INIT File

---------------------------------------------------------------
[ 2017-10-30T20:38:43+08:00 ] ::1 ::1 GET /qiye/public/static/index/images/sitemap-dot.gif
[ log ] localhost/qiye/public/static/index/images/sitemap-dot.gif [运行时间：0.046003s][吞吐率：21.74req/s] [内存消耗：1,121.48kb] [文件加载：40]
[ info ] [ LANG ] D:\phpStudy\PHPTutorial\WWW\qiye\thinkphp\lang\zh-cn.php
[ info ] [ ROUTE ] array (
  'type' => 'module',
  'module' => 
  array (
    0 => 'static',
    1 => 'index',
    2 => 'images',
  ),
)
[ info ] [ HEADER ] array (
  'connection' => 'close',
  'cookie' => 'bdshare_firstime=1497855369986',
  'referer' => 'http://localhost/qiye/public/static/index/style/style.css',
  'accept-encoding' => 'gzip, deflate',
  'accept-language' => 'zh-CN,zh;q=0.8,en-US;q=0.5,en;q=0.3',
  'accept' => '*/*',
  'user-agent' => 'Mozilla/5.0 (Windows NT 6.1; Win64; x64; rv:56.0) Gecko/20100101 Firefox/56.0',
  'host' => 'localhost',
)
[ info ] [ PARAM ] array (
)
[ info ] [ LOG ] INIT File

---------------------------------------------------------------
[ 2017-10-30T20:38:44+08:00 ] ::1 ::1 GET /qiye/public/static/index/images/scroll.png
[ log ] localhost/qiye/public/static/index/images/scroll.png [运行时间：0.035002s][吞吐率：28.57req/s] [内存消耗：1,121.48kb] [文件加载：40]
[ info ] [ LANG ] D:\phpStudy\PHPTutorial\WWW\qiye\thinkphp\lang\zh-cn.php
[ info ] [ ROUTE ] array (
  'type' => 'module',
  'module' => 
  array (
    0 => 'static',
    1 => 'index',
    2 => 'images',
  ),
)
[ info ] [ HEADER ] array (
  'connection' => 'close',
  'cookie' => 'bdshare_firstime=1497855369986',
  'referer' => 'http://localhost/qiye/public/static/index/style/style.css',
  'accept-encoding' => 'gzip, deflate',
  'accept-language' => 'zh-CN,zh;q=0.8,en-US;q=0.5,en;q=0.3',
  'accept' => '*/*',
  'user-agent' => 'Mozilla/5.0 (Windows NT 6.1; Win64; x64; rv:56.0) Gecko/20100101 Firefox/56.0',
  'host' => 'localhost',
)
[ info ] [ PARAM ] array (
)
[ info ] [ LOG ] INIT File

---------------------------------------------------------------
[ 2017-10-30T20:38:44+08:00 ] ::1 ::1 GET /qiye/public/static/index/images/xh_area_title_h3.png
[ log ] localhost/qiye/public/static/index/images/xh_area_title_h3.png [运行时间：0.025002s][吞吐率：40.00req/s] [内存消耗：1,121.48kb] [文件加载：40]
[ info ] [ LANG ] D:\phpStudy\PHPTutorial\WWW\qiye\thinkphp\lang\zh-cn.php
[ info ] [ ROUTE ] array (
  'type' => 'module',
  'module' => 
  array (
    0 => 'static',
    1 => 'index',
    2 => 'images',
  ),
)
[ info ] [ HEADER ] array (
  'connection' => 'close',
  'cookie' => 'bdshare_firstime=1497855369986',
  'referer' => 'http://localhost/qiye/public/static/index/style/style.css',
  'accept-encoding' => 'gzip, deflate',
  'accept-language' => 'zh-CN,zh;q=0.8,en-US;q=0.5,en;q=0.3',
  'accept' => '*/*',
  'user-agent' => 'Mozilla/5.0 (Windows NT 6.1; Win64; x64; rv:56.0) Gecko/20100101 Firefox/56.0',
  'host' => 'localhost',
)
[ info ] [ PARAM ] array (
)
[ info ] [ LOG ] INIT File

---------------------------------------------------------------
