[ 2017-05-06T23:00:01+08:00 ] ::1 ::1 GET /qiye/public/index.php?XDEBUG_SESSION_START=netbeans-xdebug
[ log ] localhost/qiye/public/index.php?XDEBUG_SESSION_START=netbeans-xdebug [运行时间：0.189011s][吞吐率：5.29req/s] [内存消耗：2,681.45kb] [文件加载：60]
[ info ] [ LANG ] D:\phpStudy\WWW\qiye\thinkphp\lang\zh-cn.php
[ info ] [ ROUTE ] array (
  'type' => 'module',
  'module' => 
  array (
    0 => '',
    1 => NULL,
    2 => NULL,
  ),
)
[ info ] [ HEADER ] array (
  'cookie' => 'bdshare_firstime=1493895554236; UM_distinctid=15bd31d250d1-06aa9ade6-4349052c-100200-15bd31d250e163; PHPSESSID=eocoh7ui9aq6oqu1uffvprdc72; CNZZDATA1260722023=140544110-1493895555-%7C1494081563',
  'accept-language' => 'zh-CN,zh;q=0.8',
  'accept-encoding' => 'gzip, deflate, sdch',
  'user-agent' => 'Mozilla/5.0 (Windows NT 6.1; WOW64) AppleWebKit/537.36 (KHTML, like Gecko) Chrome/45.0.2454.101 Safari/537.36',
  'upgrade-insecure-requests' => '1',
  'accept' => 'text/html,application/xhtml+xml,application/xml;q=0.9,image/webp,*/*;q=0.8',
  'connection' => 'close',
  'host' => 'localhost',
)
[ info ] [ PARAM ] array (
  'XDEBUG_SESSION_START' => 'netbeans-xdebug',
)
[ info ] [ DB ] INIT mysql
[ info ] [ DB ] INIT mysql
[ info ] [ DB ] INIT mysql
[ info ] [ DB ] INIT mysql
[ info ] [ DB ] INIT mysql
[ info ] [ DB ] INIT mysql
[ info ] [ DB ] INIT mysql
[ info ] [ RUN ] app\index\controller\Index->index[ D:\phpStudy\WWW\qiye\application\index\controller\Index.php ]
[ info ] [ DB ] INIT mysql
[ info ] [ DB ] INIT mysql
[ info ] [ DB ] INIT mysql
[ info ] [ VIEW ] D:\phpStudy\WWW\qiye\public/../application/index\view\index\index.html [ array (
  0 => 'confs',
  1 => 'cateres',
  2 => 'recBottom',
  3 => 'getIndexRecommend',
  4 => 'recommend',
  5 => 'indexHotArticles',
  6 => 'getNewArticles',
  7 => 'link',
) ]
[ info ] [ LOG ] INIT File
[ sql ] [ DB ] CONNECT:[ UseTime:0.001000s ] mysql:dbname=tp5;host=127.0.0.1;charset=utf8
[ sql ] [ SQL ] SHOW COLUMNS FROM `tp_conf` [ RunTime:0.009000s ]
[ sql ] [ SQL ] SELECT `ename`,`value` FROM `tp_conf`  [ RunTime:0.001000s ]
[ sql ] [ DB ] CONNECT:[ UseTime:0.001000s ] mysql:dbname=tp5;host=127.0.0.1;charset=utf8
[ sql ] [ SQL ] SHOW COLUMNS FROM `tp_cate` [ RunTime:0.009000s ]
[ sql ] [ SQL ] SELECT * FROM `tp_cate` WHERE  `pid` = 0 ORDER BY sort desc   [ RunTime:0.000000s ]
[ sql ] [ DB ] CONNECT:[ UseTime:0.001000s ] mysql:dbname=tp5;host=127.0.0.1;charset=utf8
[ sql ] [ SQL ] SELECT * FROM `tp_cate` WHERE  `pid` = 6   [ RunTime:0.001000s ]
[ sql ] [ DB ] CONNECT:[ UseTime:0.001000s ] mysql:dbname=tp5;host=127.0.0.1;charset=utf8
[ sql ] [ SQL ] SELECT * FROM `tp_cate` WHERE  `pid` = 3   [ RunTime:0.000000s ]
[ sql ] [ DB ] CONNECT:[ UseTime:0.001000s ] mysql:dbname=tp5;host=127.0.0.1;charset=utf8
[ sql ] [ SQL ] SELECT * FROM `tp_cate` WHERE  `pid` = 9   [ RunTime:0.001000s ]
[ sql ] [ DB ] CONNECT:[ UseTime:0.001000s ] mysql:dbname=tp5;host=127.0.0.1;charset=utf8
[ sql ] [ SQL ] SELECT * FROM `tp_cate` WHERE  `pid` = 2   [ RunTime:0.001000s ]
[ sql ] [ DB ] CONNECT:[ UseTime:0.010001s ] mysql:dbname=tp5;host=127.0.0.1;charset=utf8
[ sql ] [ SQL ] SELECT * FROM `tp_cate` WHERE  `pid` = 1   [ RunTime:0.000000s ]
[ sql ] [ SQL ] SELECT * FROM `tp_cate` WHERE  `rec_bottom` = 1 ORDER BY id desc   [ RunTime:0.001000s ]
[ sql ] [ DB ] CONNECT:[ UseTime:0.001000s ] mysql:dbname=tp5;host=127.0.0.1;charset=utf8
[ sql ] [ SQL ] SHOW COLUMNS FROM `tp_article` [ RunTime:0.009000s ]
[ sql ] [ SQL ] SELECT `a`.`id`,`a`.`title`,`a`.`thumb`,`a`.`desc`,`a`.`time`,`a`.`zan`,`a`.`click`,`b`.`catename` FROM `tp_article` `a` INNER JOIN `tp_cate` `b` ON `a`.`cateid`=`b`.`id` ORDER BY a.id desc LIMIT 10   [ RunTime:0.001001s ]
[ sql ] [ DB ] CONNECT:[ UseTime:0.010000s ] mysql:dbname=tp5;host=127.0.0.1;charset=utf8
[ sql ] [ SQL ] SHOW COLUMNS FROM `tp_link` [ RunTime:0.009001s ]
[ sql ] [ SQL ] SELECT * FROM `tp_link` ORDER BY sort desc  [ RunTime:0.000000s ]
[ sql ] [ DB ] CONNECT:[ UseTime:0.011000s ] mysql:dbname=tp5;host=127.0.0.1;charset=utf8
[ sql ] [ SQL ] SELECT `id`,`title`,`thumb` FROM `tp_article` ORDER BY click desc LIMIT 5   [ RunTime:0.001000s ]
[ sql ] [ SQL ] SELECT `id`,`title`,`thumb` FROM `tp_article` WHERE  `recommend` = 1 ORDER BY id desc LIMIT 4    [ RunTime:0.001000s ]
[ sql ] [ SQL ] SELECT * FROM `tp_cate` WHERE  `rec_index` = 1 ORDER BY id desc   [ RunTime:0.000000s ]

---------------------------------------------------------------
[ 2017-05-06T23:00:08+08:00 ] ::1 ::1 GET /qiye/public/static/index/style/jquery.error.js
[ log ] localhost/qiye/public/static/index/style/jquery.error.js [运行时间：0.050003s][吞吐率：20.00req/s] [内存消耗：1,259.23kb] [文件加载：40]
[ info ] [ LANG ] D:\phpStudy\WWW\qiye\thinkphp\lang\zh-cn.php
[ info ] [ ROUTE ] array (
  'type' => 'module',
  'module' => 
  array (
    0 => 'static',
    1 => 'index',
    2 => 'style',
  ),
)
[ info ] [ HEADER ] array (
  'cookie' => 'bdshare_firstime=1493895554236; UM_distinctid=15bd31d250d1-06aa9ade6-4349052c-100200-15bd31d250e163; PHPSESSID=eocoh7ui9aq6oqu1uffvprdc72; CNZZDATA1260722023=140544110-1493895555-%7C1494081563; XDEBUG_SESSION=netbeans-xdebug',
  'accept-language' => 'zh-CN,zh;q=0.8',
  'accept-encoding' => 'gzip, deflate, sdch',
  'referer' => 'http://localhost/qiye/public/index.php?XDEBUG_SESSION_START=netbeans-xdebug',
  'user-agent' => 'Mozilla/5.0 (Windows NT 6.1; WOW64) AppleWebKit/537.36 (KHTML, like Gecko) Chrome/45.0.2454.101 Safari/537.36',
  'accept' => '*/*',
  'connection' => 'close',
  'host' => 'localhost',
)
[ info ] [ PARAM ] array (
)
[ info ] [ LOG ] INIT File

---------------------------------------------------------------
[ 2017-05-06T23:00:14+08:00 ] ::1 ::1 GET /qiye/public/static/index/style/jquery.form.js
[ log ] localhost/qiye/public/static/index/style/jquery.form.js [运行时间：0.045003s][吞吐率：22.22req/s] [内存消耗：1,259.12kb] [文件加载：40]
[ info ] [ LANG ] D:\phpStudy\WWW\qiye\thinkphp\lang\zh-cn.php
[ info ] [ ROUTE ] array (
  'type' => 'module',
  'module' => 
  array (
    0 => 'static',
    1 => 'index',
    2 => 'style',
  ),
)
[ info ] [ HEADER ] array (
  'cookie' => 'bdshare_firstime=1493895554236; UM_distinctid=15bd31d250d1-06aa9ade6-4349052c-100200-15bd31d250e163; PHPSESSID=eocoh7ui9aq6oqu1uffvprdc72; CNZZDATA1260722023=140544110-1493895555-%7C1494081563; XDEBUG_SESSION=netbeans-xdebug',
  'accept-language' => 'zh-CN,zh;q=0.8',
  'accept-encoding' => 'gzip, deflate, sdch',
  'referer' => 'http://localhost/qiye/public/index.php?XDEBUG_SESSION_START=netbeans-xdebug',
  'user-agent' => 'Mozilla/5.0 (Windows NT 6.1; WOW64) AppleWebKit/537.36 (KHTML, like Gecko) Chrome/45.0.2454.101 Safari/537.36',
  'accept' => '*/*',
  'connection' => 'close',
  'host' => 'localhost',
)
[ info ] [ PARAM ] array (
)
[ info ] [ LOG ] INIT File

---------------------------------------------------------------
[ 2017-05-06T23:00:16+08:00 ] ::1 ::1 GET /qiye/public/static/index/images/loading.gif
[ log ] localhost/qiye/public/static/index/images/loading.gif [运行时间：0.039003s][吞吐率：25.64req/s] [内存消耗：1,259.23kb] [文件加载：40]
[ info ] [ LANG ] D:\phpStudy\WWW\qiye\thinkphp\lang\zh-cn.php
[ info ] [ ROUTE ] array (
  'type' => 'module',
  'module' => 
  array (
    0 => 'static',
    1 => 'index',
    2 => 'images',
  ),
)
[ info ] [ HEADER ] array (
  'cookie' => 'bdshare_firstime=1493895554236; UM_distinctid=15bd31d250d1-06aa9ade6-4349052c-100200-15bd31d250e163; PHPSESSID=eocoh7ui9aq6oqu1uffvprdc72; CNZZDATA1260722023=140544110-1493895555-%7C1494081563; XDEBUG_SESSION=netbeans-xdebug',
  'accept-language' => 'zh-CN,zh;q=0.8',
  'accept-encoding' => 'gzip, deflate, sdch',
  'referer' => 'http://localhost/qiye/public/static/index/style/style.css',
  'user-agent' => 'Mozilla/5.0 (Windows NT 6.1; WOW64) AppleWebKit/537.36 (KHTML, like Gecko) Chrome/45.0.2454.101 Safari/537.36',
  'accept' => 'image/webp,image/*,*/*;q=0.8',
  'connection' => 'close',
  'host' => 'localhost',
)
[ info ] [ PARAM ] array (
)
[ info ] [ LOG ] INIT File

---------------------------------------------------------------
[ 2017-05-06T23:00:17+08:00 ] ::1 ::1 GET /qiye/public/static/index/images/sitemap-dot.gif
[ log ] localhost/qiye/public/static/index/images/sitemap-dot.gif [运行时间：0.040002s][吞吐率：25.00req/s] [内存消耗：1,259.20kb] [文件加载：40]
[ info ] [ LANG ] D:\phpStudy\WWW\qiye\thinkphp\lang\zh-cn.php
[ info ] [ ROUTE ] array (
  'type' => 'module',
  'module' => 
  array (
    0 => 'static',
    1 => 'index',
    2 => 'images',
  ),
)
[ info ] [ HEADER ] array (
  'cookie' => 'bdshare_firstime=1493895554236; UM_distinctid=15bd31d250d1-06aa9ade6-4349052c-100200-15bd31d250e163; PHPSESSID=eocoh7ui9aq6oqu1uffvprdc72; CNZZDATA1260722023=140544110-1493895555-%7C1494081563; XDEBUG_SESSION=netbeans-xdebug',
  'accept-language' => 'zh-CN,zh;q=0.8',
  'accept-encoding' => 'gzip, deflate, sdch',
  'referer' => 'http://localhost/qiye/public/static/index/style/style.css',
  'user-agent' => 'Mozilla/5.0 (Windows NT 6.1; WOW64) AppleWebKit/537.36 (KHTML, like Gecko) Chrome/45.0.2454.101 Safari/537.36',
  'accept' => 'image/webp,image/*,*/*;q=0.8',
  'connection' => 'close',
  'host' => 'localhost',
)
[ info ] [ PARAM ] array (
)
[ info ] [ LOG ] INIT File

---------------------------------------------------------------
[ 2017-05-06T23:00:45+08:00 ] ::1 ::1 GET /qiye/public/static/index/images/focus-bg2.png
[ log ] localhost/qiye/public/static/index/images/focus-bg2.png [运行时间：9.673553s][吞吐率：0.10req/s] [内存消耗：1,259.20kb] [文件加载：40]
[ info ] [ LANG ] D:\phpStudy\WWW\qiye\thinkphp\lang\zh-cn.php
[ info ] [ ROUTE ] array (
  'type' => 'module',
  'module' => 
  array (
    0 => 'static',
    1 => 'index',
    2 => 'images',
  ),
)
[ info ] [ HEADER ] array (
  'cookie' => 'bdshare_firstime=1493895554236; UM_distinctid=15bd31d250d1-06aa9ade6-4349052c-100200-15bd31d250e163; PHPSESSID=eocoh7ui9aq6oqu1uffvprdc72; CNZZDATA1260722023=140544110-1493895555-%7C1494081563; XDEBUG_SESSION=netbeans-xdebug',
  'accept-language' => 'zh-CN,zh;q=0.8',
  'accept-encoding' => 'gzip, deflate, sdch',
  'referer' => 'http://localhost/qiye/public/static/index/style/style.css',
  'user-agent' => 'Mozilla/5.0 (Windows NT 6.1; WOW64) AppleWebKit/537.36 (KHTML, like Gecko) Chrome/45.0.2454.101 Safari/537.36',
  'accept' => 'image/webp,image/*,*/*;q=0.8',
  'connection' => 'close',
  'host' => 'localhost',
)
[ info ] [ PARAM ] array (
)
[ info ] [ LOG ] INIT File

---------------------------------------------------------------
[ 2017-05-06T23:00:46+08:00 ] ::1 ::1 GET /qiye/public/static/index/images/xh_area_title_h3.png
[ log ] localhost/qiye/public/static/index/images/xh_area_title_h3.png [运行时间：0.026001s][吞吐率：38.46req/s] [内存消耗：1,259.23kb] [文件加载：40]
[ info ] [ LANG ] D:\phpStudy\WWW\qiye\thinkphp\lang\zh-cn.php
[ info ] [ ROUTE ] array (
  'type' => 'module',
  'module' => 
  array (
    0 => 'static',
    1 => 'index',
    2 => 'images',
  ),
)
[ info ] [ HEADER ] array (
  'cookie' => 'bdshare_firstime=1493895554236; UM_distinctid=15bd31d250d1-06aa9ade6-4349052c-100200-15bd31d250e163; PHPSESSID=eocoh7ui9aq6oqu1uffvprdc72; CNZZDATA1260722023=140544110-1493895555-%7C1494081563; XDEBUG_SESSION=netbeans-xdebug',
  'accept-language' => 'zh-CN,zh;q=0.8',
  'accept-encoding' => 'gzip, deflate, sdch',
  'referer' => 'http://localhost/qiye/public/static/index/style/style.css',
  'user-agent' => 'Mozilla/5.0 (Windows NT 6.1; WOW64) AppleWebKit/537.36 (KHTML, like Gecko) Chrome/45.0.2454.101 Safari/537.36',
  'accept' => 'image/webp,image/*,*/*;q=0.8',
  'connection' => 'close',
  'host' => 'localhost',
)
[ info ] [ PARAM ] array (
)
[ info ] [ LOG ] INIT File

---------------------------------------------------------------
[ 2017-05-06T23:00:47+08:00 ] ::1 ::1 GET /qiye/public/static/index/images/scroll.png
[ log ] localhost/qiye/public/static/index/images/scroll.png [运行时间：0.032002s][吞吐率：31.25req/s] [内存消耗：1,259.14kb] [文件加载：40]
[ info ] [ LANG ] D:\phpStudy\WWW\qiye\thinkphp\lang\zh-cn.php
[ info ] [ ROUTE ] array (
  'type' => 'module',
  'module' => 
  array (
    0 => 'static',
    1 => 'index',
    2 => 'images',
  ),
)
[ info ] [ HEADER ] array (
  'cookie' => 'bdshare_firstime=1493895554236; UM_distinctid=15bd31d250d1-06aa9ade6-4349052c-100200-15bd31d250e163; PHPSESSID=eocoh7ui9aq6oqu1uffvprdc72; CNZZDATA1260722023=140544110-1493895555-%7C1494081563; XDEBUG_SESSION=netbeans-xdebug',
  'accept-language' => 'zh-CN,zh;q=0.8',
  'accept-encoding' => 'gzip, deflate, sdch',
  'referer' => 'http://localhost/qiye/public/static/index/style/style.css',
  'user-agent' => 'Mozilla/5.0 (Windows NT 6.1; WOW64) AppleWebKit/537.36 (KHTML, like Gecko) Chrome/45.0.2454.101 Safari/537.36',
  'accept' => 'image/webp,image/*,*/*;q=0.8',
  'connection' => 'close',
  'host' => 'localhost',
)
[ info ] [ PARAM ] array (
)
[ info ] [ LOG ] INIT File

---------------------------------------------------------------
[ 2017-05-06T23:06:01+08:00 ] ::1 ::1 GET /qiye/public/index.php?XDEBUG_SESSION_START=netbeans-xdebug
[ log ] localhost/qiye/public/index.php?XDEBUG_SESSION_START=netbeans-xdebug [运行时间：0.400023s][吞吐率：2.50req/s] [内存消耗：2,681.71kb] [文件加载：60]
[ info ] [ LANG ] D:\phpStudy\WWW\qiye\thinkphp\lang\zh-cn.php
[ info ] [ ROUTE ] array (
  'type' => 'module',
  'module' => 
  array (
    0 => '',
    1 => NULL,
    2 => NULL,
  ),
)
[ info ] [ HEADER ] array (
  'cookie' => 'bdshare_firstime=1493895554236; UM_distinctid=15bd31d250d1-06aa9ade6-4349052c-100200-15bd31d250e163; PHPSESSID=eocoh7ui9aq6oqu1uffvprdc72; CNZZDATA1260722023=140544110-1493895555-%7C1494081563',
  'accept-language' => 'zh-CN,zh;q=0.8',
  'accept-encoding' => 'gzip, deflate, sdch',
  'user-agent' => 'Mozilla/5.0 (Windows NT 6.1; WOW64) AppleWebKit/537.36 (KHTML, like Gecko) Chrome/45.0.2454.101 Safari/537.36',
  'upgrade-insecure-requests' => '1',
  'accept' => 'text/html,application/xhtml+xml,application/xml;q=0.9,image/webp,*/*;q=0.8',
  'cache-control' => 'max-age=0',
  'connection' => 'close',
  'host' => 'localhost',
)
[ info ] [ PARAM ] array (
  'XDEBUG_SESSION_START' => 'netbeans-xdebug',
)
[ info ] [ DB ] INIT mysql
[ info ] [ DB ] INIT mysql
[ info ] [ DB ] INIT mysql
[ info ] [ DB ] INIT mysql
[ info ] [ DB ] INIT mysql
[ info ] [ DB ] INIT mysql
[ info ] [ DB ] INIT mysql
[ info ] [ RUN ] app\index\controller\Index->index[ D:\phpStudy\WWW\qiye\application\index\controller\Index.php ]
[ info ] [ DB ] INIT mysql
[ info ] [ DB ] INIT mysql
[ info ] [ DB ] INIT mysql
[ info ] [ VIEW ] D:\phpStudy\WWW\qiye\public/../application/index\view\index\index.html [ array (
  0 => 'confs',
  1 => 'cateres',
  2 => 'recBottom',
  3 => 'getIndexRecommend',
  4 => 'recommend',
  5 => 'indexHotArticles',
  6 => 'getNewArticles',
  7 => 'link',
) ]
[ info ] [ LOG ] INIT File
[ sql ] [ DB ] CONNECT:[ UseTime:0.011001s ] mysql:dbname=tp5;host=127.0.0.1;charset=utf8
[ sql ] [ SQL ] SHOW COLUMNS FROM `tp_conf` [ RunTime:0.007000s ]
[ sql ] [ SQL ] SELECT `ename`,`value` FROM `tp_conf`  [ RunTime:0.001001s ]
[ sql ] [ DB ] CONNECT:[ UseTime:0.001000s ] mysql:dbname=tp5;host=127.0.0.1;charset=utf8
[ sql ] [ SQL ] SHOW COLUMNS FROM `tp_cate` [ RunTime:0.007000s ]
[ sql ] [ SQL ] SELECT * FROM `tp_cate` WHERE  `pid` = 0 ORDER BY sort desc   [ RunTime:0.000000s ]
[ sql ] [ DB ] CONNECT:[ UseTime:0.010001s ] mysql:dbname=tp5;host=127.0.0.1;charset=utf8
[ sql ] [ SQL ] SELECT * FROM `tp_cate` WHERE  `pid` = 6   [ RunTime:0.000000s ]
[ sql ] [ DB ] CONNECT:[ UseTime:0.001000s ] mysql:dbname=tp5;host=127.0.0.1;charset=utf8
[ sql ] [ SQL ] SELECT * FROM `tp_cate` WHERE  `pid` = 3   [ RunTime:0.000000s ]
[ sql ] [ DB ] CONNECT:[ UseTime:0.000000s ] mysql:dbname=tp5;host=127.0.0.1;charset=utf8
[ sql ] [ SQL ] SELECT * FROM `tp_cate` WHERE  `pid` = 9   [ RunTime:0.001000s ]
[ sql ] [ DB ] CONNECT:[ UseTime:0.010001s ] mysql:dbname=tp5;host=127.0.0.1;charset=utf8
[ sql ] [ SQL ] SELECT * FROM `tp_cate` WHERE  `pid` = 2   [ RunTime:0.000000s ]
[ sql ] [ DB ] CONNECT:[ UseTime:0.010000s ] mysql:dbname=tp5;host=127.0.0.1;charset=utf8
[ sql ] [ SQL ] SELECT * FROM `tp_cate` WHERE  `pid` = 1   [ RunTime:0.000000s ]
[ sql ] [ SQL ] SELECT * FROM `tp_cate` WHERE  `rec_bottom` = 1 ORDER BY id desc   [ RunTime:0.001000s ]
[ sql ] [ DB ] CONNECT:[ UseTime:0.010000s ] mysql:dbname=tp5;host=127.0.0.1;charset=utf8
[ sql ] [ SQL ] SHOW COLUMNS FROM `tp_article` [ RunTime:0.007000s ]
[ sql ] [ SQL ] SELECT `a`.`id`,`a`.`title`,`a`.`thumb`,`a`.`desc`,`a`.`time`,`a`.`zan`,`a`.`click`,`b`.`catename` FROM `tp_article` `a` INNER JOIN `tp_cate` `b` ON `a`.`cateid`=`b`.`id` ORDER BY a.id desc LIMIT 10   [ RunTime:0.000000s ]
[ sql ] [ DB ] CONNECT:[ UseTime:0.010000s ] mysql:dbname=tp5;host=127.0.0.1;charset=utf8
[ sql ] [ SQL ] SHOW COLUMNS FROM `tp_link` [ RunTime:0.007001s ]
[ sql ] [ SQL ] SELECT * FROM `tp_link` ORDER BY sort desc  [ RunTime:0.000000s ]
[ sql ] [ DB ] CONNECT:[ UseTime:0.001000s ] mysql:dbname=tp5;host=127.0.0.1;charset=utf8
[ sql ] [ SQL ] SELECT `id`,`title`,`thumb` FROM `tp_article` ORDER BY click desc LIMIT 5   [ RunTime:0.001000s ]
[ sql ] [ SQL ] SELECT `id`,`title`,`thumb` FROM `tp_article` WHERE  `recommend` = 1 ORDER BY id desc LIMIT 4    [ RunTime:0.000000s ]
[ sql ] [ SQL ] SELECT * FROM `tp_cate` WHERE  `rec_index` = 1 ORDER BY id desc   [ RunTime:0.000000s ]

---------------------------------------------------------------
[ 2017-05-06T23:06:03+08:00 ] ::1 ::1 GET /qiye/public/static/index/style/jquery.form.js
[ log ] localhost/qiye/public/static/index/style/jquery.form.js [运行时间：0.463026s][吞吐率：2.16req/s] [内存消耗：1,259.34kb] [文件加载：40]
[ info ] [ LANG ] D:\phpStudy\WWW\qiye\thinkphp\lang\zh-cn.php
[ info ] [ ROUTE ] array (
  'type' => 'module',
  'module' => 
  array (
    0 => 'static',
    1 => 'index',
    2 => 'style',
  ),
)
[ info ] [ HEADER ] array (
  'cookie' => 'bdshare_firstime=1493895554236; UM_distinctid=15bd31d250d1-06aa9ade6-4349052c-100200-15bd31d250e163; PHPSESSID=eocoh7ui9aq6oqu1uffvprdc72; CNZZDATA1260722023=140544110-1493895555-%7C1494081563; XDEBUG_SESSION=netbeans-xdebug',
  'accept-language' => 'zh-CN,zh;q=0.8',
  'accept-encoding' => 'gzip, deflate, sdch',
  'referer' => 'http://localhost/qiye/public/index.php?XDEBUG_SESSION_START=netbeans-xdebug',
  'user-agent' => 'Mozilla/5.0 (Windows NT 6.1; WOW64) AppleWebKit/537.36 (KHTML, like Gecko) Chrome/45.0.2454.101 Safari/537.36',
  'accept' => '*/*',
  'connection' => 'close',
  'host' => 'localhost',
)
[ info ] [ PARAM ] array (
)
[ info ] [ LOG ] INIT File

---------------------------------------------------------------
[ 2017-05-06T23:06:03+08:00 ] ::1 ::1 GET /qiye/public/static/index/style/jquery.error.js
[ log ] localhost/qiye/public/static/index/style/jquery.error.js [运行时间：0.471027s][吞吐率：2.12req/s] [内存消耗：1,259.35kb] [文件加载：40]
[ info ] [ LANG ] D:\phpStudy\WWW\qiye\thinkphp\lang\zh-cn.php
[ info ] [ ROUTE ] array (
  'type' => 'module',
  'module' => 
  array (
    0 => 'static',
    1 => 'index',
    2 => 'style',
  ),
)
[ info ] [ HEADER ] array (
  'cookie' => 'bdshare_firstime=1493895554236; UM_distinctid=15bd31d250d1-06aa9ade6-4349052c-100200-15bd31d250e163; PHPSESSID=eocoh7ui9aq6oqu1uffvprdc72; CNZZDATA1260722023=140544110-1493895555-%7C1494081563; XDEBUG_SESSION=netbeans-xdebug',
  'accept-language' => 'zh-CN,zh;q=0.8',
  'accept-encoding' => 'gzip, deflate, sdch',
  'referer' => 'http://localhost/qiye/public/index.php?XDEBUG_SESSION_START=netbeans-xdebug',
  'user-agent' => 'Mozilla/5.0 (Windows NT 6.1; WOW64) AppleWebKit/537.36 (KHTML, like Gecko) Chrome/45.0.2454.101 Safari/537.36',
  'accept' => '*/*',
  'connection' => 'close',
  'host' => 'localhost',
)
[ info ] [ PARAM ] array (
)
[ info ] [ LOG ] INIT File

---------------------------------------------------------------
